#
# There is insufficient memory for the Java Runtime Environment to continue.
# Native memory allocation (malloc) failed to allocate 32744 bytes for ChunkPool::allocate
# Possible reasons:
#   The system is out of physical RAM or swap space
#   The process is running with CompressedOops enabled, and the Java Heap may be blocking the growth of the native heap
# Possible solutions:
#   Reduce memory load on the system
#   Increase physical memory or swap space
#   Check if swap backing store is full
#   Decrease Java heap size (-Xmx/-Xms)
#   Decrease number of Java threads
#   Decrease Java thread stack sizes (-Xss)
#   Set larger code cache with -XX:ReservedCodeCacheSize=
#   JVM is running with Unscaled Compressed Oops mode in which the Java heap is
#     placed in the first 4GB address space. The Java Heap base address is the
#     maximum limit for the native heap growth. Please use -XX:HeapBaseMinAddress
#     to set the Java Heap base and to place the Java Heap above 4GB virtual address.
# This output file may be truncated or incomplete.
#
#  Out of Memory Error (./open/src/hotspot/share/memory/arena.cpp:79), pid=19036, tid=5412
#
# JRE version: Java(TM) SE Runtime Environment (15.0+36) (build 15+36-1562)
# Java VM: Java HotSpot(TM) 64-Bit Server VM (15+36-1562, mixed mode, sharing, tiered, compressed oops, g1 gc, windows-amd64)
# No core dump will be written. Minidumps are not enabled by default on client versions of Windows
#

---------------  S U M M A R Y ------------

Command Line: -Dfile.encoding=GBK -XX:+ShowCodeDetailsInExceptionMessages game_life_self.start_frame

Host: Intel(R) Core(TM) i5-9300HF CPU @ 2.40GHz, 8 cores, 7G,  Windows 10 , 64 bit Build 19041 (10.0.19041.928)
Time: Wed Jun  2 13:58:44 2021 中国标准时间 elapsed time: 84155.117018 seconds (0d 23h 22m 35s)

---------------  T H R E A D  ---------------

Current thread (0x0000022513178980):  JavaThread "C2 CompilerThread0" daemon [_thread_in_native, id=5412, stack(0x0000002a32600000,0x0000002a32700000)]


Current CompileTask:
C2:84155117 1521       4       jdk.internal.org.objectweb.asm.Symbol::<init> (38 bytes)

Stack: [0x0000002a32600000,0x0000002a32700000]
Native frames: (J=compiled Java code, j=interpreted, Vv=VM code, C=native code)
V  [jvm.dll+0x629eaa]
V  [jvm.dll+0x780379]
V  [jvm.dll+0x781ad3]
V  [jvm.dll+0x782133]
V  [jvm.dll+0x2159d5]
V  [jvm.dll+0x97cdf]
V  [jvm.dll+0x9802c]
V  [jvm.dll+0x5b56cf]
V  [jvm.dll+0x5b585b]
V  [jvm.dll+0x5ba4ee]
V  [jvm.dll+0x5bb3ea]
V  [jvm.dll+0x5b99be]
V  [jvm.dll+0x1e9c68]
V  [jvm.dll+0x1e903e]
V  [jvm.dll+0x177f17]
V  [jvm.dll+0x1f88f5]
V  [jvm.dll+0x1f699c]
V  [jvm.dll+0x74384d]
V  [jvm.dll+0x73c64a]
V  [jvm.dll+0x628d16]
C  [ucrtbase.dll+0x21bb2]
C  [KERNEL32.DLL+0x17034]
C  [ntdll.dll+0x52651]


---------------  P R O C E S S  ---------------

Threads class SMR info:
_java_thread_list=0x000002251b63b0d0, length=16, elements={
0x0000022513151330, 0x0000022513151e10, 0x000002251316d8f0, 0x000002251316f2c0,
0x000002251316fc80, 0x0000022513178980, 0x000002251317aeb0, 0x0000022513183e00,
0x0000022513aa8880, 0x0000022513aacf10, 0x0000022513d87440, 0x0000022513d8a590,
0x0000022513d8f990, 0x0000022513b4c510, 0x0000022574540810, 0x000002251b73c830
}

Java Threads: ( => current thread )
  0x0000022513151330 JavaThread "Reference Handler" daemon [_thread_blocked, id=16500, stack(0x0000002a32100000,0x0000002a32200000)]
  0x0000022513151e10 JavaThread "Finalizer" daemon [_thread_blocked, id=8792, stack(0x0000002a32200000,0x0000002a32300000)]
  0x000002251316d8f0 JavaThread "Signal Dispatcher" daemon [_thread_blocked, id=19268, stack(0x0000002a32300000,0x0000002a32400000)]
  0x000002251316f2c0 JavaThread "Attach Listener" daemon [_thread_blocked, id=20760, stack(0x0000002a32400000,0x0000002a32500000)]
  0x000002251316fc80 JavaThread "Service Thread" daemon [_thread_blocked, id=10032, stack(0x0000002a32500000,0x0000002a32600000)]
=>0x0000022513178980 JavaThread "C2 CompilerThread0" daemon [_thread_in_native, id=5412, stack(0x0000002a32600000,0x0000002a32700000)]
  0x000002251317aeb0 JavaThread "C1 CompilerThread0" daemon [_thread_blocked, id=15616, stack(0x0000002a32700000,0x0000002a32800000)]
  0x0000022513183e00 JavaThread "Sweeper thread" daemon [_thread_blocked, id=15448, stack(0x0000002a32800000,0x0000002a32900000)]
  0x0000022513aa8880 JavaThread "Notification Thread" daemon [_thread_blocked, id=20056, stack(0x0000002a32900000,0x0000002a32a00000)]
  0x0000022513aacf10 JavaThread "Common-Cleaner" daemon [_thread_blocked, id=18692, stack(0x0000002a32b00000,0x0000002a32c00000)]
  0x0000022513d87440 JavaThread "Java2D Disposer" daemon [_thread_blocked, id=7780, stack(0x0000002a32c00000,0x0000002a32d00000)]
  0x0000022513d8a590 JavaThread "AWT-Shutdown" [_thread_blocked, id=9640, stack(0x0000002a32d00000,0x0000002a32e00000)]
  0x0000022513d8f990 JavaThread "AWT-Windows" daemon [_thread_in_native, id=19124, stack(0x0000002a32e00000,0x0000002a32f00000)]
  0x0000022513b4c510 JavaThread "AWT-EventQueue-0" [_thread_in_native, id=20508, stack(0x0000002a33300000,0x0000002a33400000)]
  0x0000022574540810 JavaThread "DestroyJavaVM" [_thread_blocked, id=2160, stack(0x0000002a31a00000,0x0000002a31b00000)]
  0x000002251b73c830 JavaThread "D3D Screen Updater" daemon [_thread_blocked, id=10312, stack(0x0000002a33400000,0x0000002a33500000)]

Other Threads:
  0x000002251314db90 VMThread "VM Thread" [stack: 0x0000002a32000000,0x0000002a32100000] [id=1868]
  0x0000022513131d30 WatcherThread [stack: 0x0000002a32a00000,0x0000002a32b00000] [id=524]
  0x00000225745808c0 GCTaskThread "GC Thread#0" [stack: 0x0000002a31b00000,0x0000002a31c00000] [id=19496]
  0x0000022574593010 ConcurrentGCThread "G1 Main Marker" [stack: 0x0000002a31c00000,0x0000002a31d00000] [id=17964]
  0x0000022574593b90 ConcurrentGCThread "G1 Conc#0" [stack: 0x0000002a31d00000,0x0000002a31e00000] [id=11656]
  0x0000022574610130 ConcurrentGCThread "G1 Refine#0" [stack: 0x0000002a31e00000,0x0000002a31f00000] [id=9756]
  0x0000022574610a00 ConcurrentGCThread "G1 Young RemSet Sampling" [stack: 0x0000002a31f00000,0x0000002a32000000] [id=4140]

Threads with active compile tasks:
C2 CompilerThread0  84155177 1521       4       jdk.internal.org.objectweb.asm.Symbol::<init> (38 bytes)

VM state: not at safepoint (normal execution)

VM Mutex/Monitor currently owned by a thread: None

Heap address: 0x0000000081200000, size: 2030 MB, Compressed Oops mode: 32-bit
CDS archive(s) mapped at: [0x0000000800000000-0x0000000800b50000-0x0000000800b50000), size 11862016, SharedBaseAddress: 0x0000000800000000, ArchiveRelocationMode: 0.
Compressed class space mapped at: 0x0000000800b50000-0x0000000840b50000, size: 1073741824
Narrow klass base: 0x0000000800000000, Narrow klass shift: 3, Narrow klass range: 0x100000000

GC Precious Log:
 CPUs: 8 total, 8 available
 Memory: 8112M
 Large Page Support: Disabled
 NUMA Support: Disabled
 Compressed Oops: Enabled (32-bit)
 Heap Region Size: 1M
 Heap Min Capacity: 8M
 Heap Initial Capacity: 128M
 Heap Max Capacity: 2030M
 Pre-touch: Disabled
 Parallel Workers: 8
 Concurrent Workers: 2
 Concurrent Refinement Workers: 8
 Periodic GC: Disabled

Heap:
 garbage-first heap   total 131072K, used 23552K [0x0000000081200000, 0x0000000100000000)
  region size 1024K, 20 young (20480K), 0 survivors (0K)
 Metaspace       used 8314K, capacity 8534K, committed 8704K, reserved 1056768K
  class space    used 883K, capacity 962K, committed 1024K, reserved 1048576K

Heap Regions: E=young(eden), S=young(survivor), O=old, HS=humongous(starts), HC=humongous(continues), CS=collection set, F=free, OA=open archive, CA=closed archive, TAMS=top-at-mark-start (previous, next)
|   0|0x0000000081200000, 0x0000000081300000, 0x0000000081300000|100%|HS|  |TAMS 0x0000000081200000, 0x0000000081200000| Complete 
|   1|0x0000000081300000, 0x0000000081400000, 0x0000000081400000|100%|HS|  |TAMS 0x0000000081300000, 0x0000000081300000| Complete 
|   2|0x0000000081400000, 0x0000000081500000, 0x0000000081500000|100%|HS|  |TAMS 0x0000000081400000, 0x0000000081400000| Complete 
|   3|0x0000000081500000, 0x0000000081600000, 0x0000000081600000|100%|HS|  |TAMS 0x0000000081500000, 0x0000000081500000| Complete 
|   4|0x0000000081600000, 0x0000000081600000, 0x0000000081700000|  0%| F|  |TAMS 0x0000000081600000, 0x0000000081600000| Untracked 
|   5|0x0000000081700000, 0x0000000081700000, 0x0000000081800000|  0%| F|  |TAMS 0x0000000081700000, 0x0000000081700000| Untracked 
|   6|0x0000000081800000, 0x0000000081800000, 0x0000000081900000|  0%| F|  |TAMS 0x0000000081800000, 0x0000000081800000| Untracked 
|   7|0x0000000081900000, 0x0000000081900000, 0x0000000081a00000|  0%| F|  |TAMS 0x0000000081900000, 0x0000000081900000| Untracked 
|   8|0x0000000081a00000, 0x0000000081a00000, 0x0000000081b00000|  0%| F|  |TAMS 0x0000000081a00000, 0x0000000081a00000| Untracked 
|   9|0x0000000081b00000, 0x0000000081b00000, 0x0000000081c00000|  0%| F|  |TAMS 0x0000000081b00000, 0x0000000081b00000| Untracked 
|  10|0x0000000081c00000, 0x0000000081c00000, 0x0000000081d00000|  0%| F|  |TAMS 0x0000000081c00000, 0x0000000081c00000| Untracked 
|  11|0x0000000081d00000, 0x0000000081d00000, 0x0000000081e00000|  0%| F|  |TAMS 0x0000000081d00000, 0x0000000081d00000| Untracked 
|  12|0x0000000081e00000, 0x0000000081e00000, 0x0000000081f00000|  0%| F|  |TAMS 0x0000000081e00000, 0x0000000081e00000| Untracked 
|  13|0x0000000081f00000, 0x0000000081f00000, 0x0000000082000000|  0%| F|  |TAMS 0x0000000081f00000, 0x0000000081f00000| Untracked 
|  14|0x0000000082000000, 0x0000000082000000, 0x0000000082100000|  0%| F|  |TAMS 0x0000000082000000, 0x0000000082000000| Untracked 
|  15|0x0000000082100000, 0x0000000082100000, 0x0000000082200000|  0%| F|  |TAMS 0x0000000082100000, 0x0000000082100000| Untracked 
|  16|0x0000000082200000, 0x0000000082200000, 0x0000000082300000|  0%| F|  |TAMS 0x0000000082200000, 0x0000000082200000| Untracked 
|  17|0x0000000082300000, 0x0000000082300000, 0x0000000082400000|  0%| F|  |TAMS 0x0000000082300000, 0x0000000082300000| Untracked 
|  18|0x0000000082400000, 0x0000000082400000, 0x0000000082500000|  0%| F|  |TAMS 0x0000000082400000, 0x0000000082400000| Untracked 
|  19|0x0000000082500000, 0x0000000082500000, 0x0000000082600000|  0%| F|  |TAMS 0x0000000082500000, 0x0000000082500000| Untracked 
|  20|0x0000000082600000, 0x0000000082600000, 0x0000000082700000|  0%| F|  |TAMS 0x0000000082600000, 0x0000000082600000| Untracked 
|  21|0x0000000082700000, 0x0000000082700000, 0x0000000082800000|  0%| F|  |TAMS 0x0000000082700000, 0x0000000082700000| Untracked 
|  22|0x0000000082800000, 0x0000000082800000, 0x0000000082900000|  0%| F|  |TAMS 0x0000000082800000, 0x0000000082800000| Untracked 
|  23|0x0000000082900000, 0x0000000082900000, 0x0000000082a00000|  0%| F|  |TAMS 0x0000000082900000, 0x0000000082900000| Untracked 
|  24|0x0000000082a00000, 0x0000000082a00000, 0x0000000082b00000|  0%| F|  |TAMS 0x0000000082a00000, 0x0000000082a00000| Untracked 
|  25|0x0000000082b00000, 0x0000000082b00000, 0x0000000082c00000|  0%| F|  |TAMS 0x0000000082b00000, 0x0000000082b00000| Untracked 
|  26|0x0000000082c00000, 0x0000000082c00000, 0x0000000082d00000|  0%| F|  |TAMS 0x0000000082c00000, 0x0000000082c00000| Untracked 
|  27|0x0000000082d00000, 0x0000000082d00000, 0x0000000082e00000|  0%| F|  |TAMS 0x0000000082d00000, 0x0000000082d00000| Untracked 
|  28|0x0000000082e00000, 0x0000000082e00000, 0x0000000082f00000|  0%| F|  |TAMS 0x0000000082e00000, 0x0000000082e00000| Untracked 
|  29|0x0000000082f00000, 0x0000000082f00000, 0x0000000083000000|  0%| F|  |TAMS 0x0000000082f00000, 0x0000000082f00000| Untracked 
|  30|0x0000000083000000, 0x0000000083000000, 0x0000000083100000|  0%| F|  |TAMS 0x0000000083000000, 0x0000000083000000| Untracked 
|  31|0x0000000083100000, 0x0000000083100000, 0x0000000083200000|  0%| F|  |TAMS 0x0000000083100000, 0x0000000083100000| Untracked 
|  32|0x0000000083200000, 0x0000000083200000, 0x0000000083300000|  0%| F|  |TAMS 0x0000000083200000, 0x0000000083200000| Untracked 
|  33|0x0000000083300000, 0x0000000083300000, 0x0000000083400000|  0%| F|  |TAMS 0x0000000083300000, 0x0000000083300000| Untracked 
|  34|0x0000000083400000, 0x0000000083400000, 0x0000000083500000|  0%| F|  |TAMS 0x0000000083400000, 0x0000000083400000| Untracked 
|  35|0x0000000083500000, 0x0000000083500000, 0x0000000083600000|  0%| F|  |TAMS 0x0000000083500000, 0x0000000083500000| Untracked 
|  36|0x0000000083600000, 0x0000000083600000, 0x0000000083700000|  0%| F|  |TAMS 0x0000000083600000, 0x0000000083600000| Untracked 
|  37|0x0000000083700000, 0x0000000083700000, 0x0000000083800000|  0%| F|  |TAMS 0x0000000083700000, 0x0000000083700000| Untracked 
|  38|0x0000000083800000, 0x0000000083800000, 0x0000000083900000|  0%| F|  |TAMS 0x0000000083800000, 0x0000000083800000| Untracked 
|  39|0x0000000083900000, 0x0000000083900000, 0x0000000083a00000|  0%| F|  |TAMS 0x0000000083900000, 0x0000000083900000| Untracked 
|  40|0x0000000083a00000, 0x0000000083a00000, 0x0000000083b00000|  0%| F|  |TAMS 0x0000000083a00000, 0x0000000083a00000| Untracked 
|  41|0x0000000083b00000, 0x0000000083b00000, 0x0000000083c00000|  0%| F|  |TAMS 0x0000000083b00000, 0x0000000083b00000| Untracked 
|  42|0x0000000083c00000, 0x0000000083c00000, 0x0000000083d00000|  0%| F|  |TAMS 0x0000000083c00000, 0x0000000083c00000| Untracked 
|  43|0x0000000083d00000, 0x0000000083d00000, 0x0000000083e00000|  0%| F|  |TAMS 0x0000000083d00000, 0x0000000083d00000| Untracked 
|  44|0x0000000083e00000, 0x0000000083e00000, 0x0000000083f00000|  0%| F|  |TAMS 0x0000000083e00000, 0x0000000083e00000| Untracked 
|  45|0x0000000083f00000, 0x0000000083f00000, 0x0000000084000000|  0%| F|  |TAMS 0x0000000083f00000, 0x0000000083f00000| Untracked 
|  46|0x0000000084000000, 0x0000000084000000, 0x0000000084100000|  0%| F|  |TAMS 0x0000000084000000, 0x0000000084000000| Untracked 
|  47|0x0000000084100000, 0x0000000084100000, 0x0000000084200000|  0%| F|  |TAMS 0x0000000084100000, 0x0000000084100000| Untracked 
|  48|0x0000000084200000, 0x0000000084200000, 0x0000000084300000|  0%| F|  |TAMS 0x0000000084200000, 0x0000000084200000| Untracked 
|  49|0x0000000084300000, 0x0000000084300000, 0x0000000084400000|  0%| F|  |TAMS 0x0000000084300000, 0x0000000084300000| Untracked 
|  50|0x0000000084400000, 0x0000000084400000, 0x0000000084500000|  0%| F|  |TAMS 0x0000000084400000, 0x0000000084400000| Untracked 
|  51|0x0000000084500000, 0x0000000084500000, 0x0000000084600000|  0%| F|  |TAMS 0x0000000084500000, 0x0000000084500000| Untracked 
|  52|0x0000000084600000, 0x0000000084600000, 0x0000000084700000|  0%| F|  |TAMS 0x0000000084600000, 0x0000000084600000| Untracked 
|  53|0x0000000084700000, 0x0000000084700000, 0x0000000084800000|  0%| F|  |TAMS 0x0000000084700000, 0x0000000084700000| Untracked 
|  54|0x0000000084800000, 0x0000000084800000, 0x0000000084900000|  0%| F|  |TAMS 0x0000000084800000, 0x0000000084800000| Untracked 
|  55|0x0000000084900000, 0x0000000084900000, 0x0000000084a00000|  0%| F|  |TAMS 0x0000000084900000, 0x0000000084900000| Untracked 
|  56|0x0000000084a00000, 0x0000000084a00000, 0x0000000084b00000|  0%| F|  |TAMS 0x0000000084a00000, 0x0000000084a00000| Untracked 
|  57|0x0000000084b00000, 0x0000000084b00000, 0x0000000084c00000|  0%| F|  |TAMS 0x0000000084b00000, 0x0000000084b00000| Untracked 
|  58|0x0000000084c00000, 0x0000000084c00000, 0x0000000084d00000|  0%| F|  |TAMS 0x0000000084c00000, 0x0000000084c00000| Untracked 
|  59|0x0000000084d00000, 0x0000000084d00000, 0x0000000084e00000|  0%| F|  |TAMS 0x0000000084d00000, 0x0000000084d00000| Untracked 
|  60|0x0000000084e00000, 0x0000000084e00000, 0x0000000084f00000|  0%| F|  |TAMS 0x0000000084e00000, 0x0000000084e00000| Untracked 
|  61|0x0000000084f00000, 0x0000000084f00000, 0x0000000085000000|  0%| F|  |TAMS 0x0000000084f00000, 0x0000000084f00000| Untracked 
|  62|0x0000000085000000, 0x0000000085000000, 0x0000000085100000|  0%| F|  |TAMS 0x0000000085000000, 0x0000000085000000| Untracked 
|  63|0x0000000085100000, 0x0000000085100000, 0x0000000085200000|  0%| F|  |TAMS 0x0000000085100000, 0x0000000085100000| Untracked 
|  64|0x0000000085200000, 0x0000000085200000, 0x0000000085300000|  0%| F|  |TAMS 0x0000000085200000, 0x0000000085200000| Untracked 
|  65|0x0000000085300000, 0x0000000085300000, 0x0000000085400000|  0%| F|  |TAMS 0x0000000085300000, 0x0000000085300000| Untracked 
|  66|0x0000000085400000, 0x0000000085400000, 0x0000000085500000|  0%| F|  |TAMS 0x0000000085400000, 0x0000000085400000| Untracked 
|  67|0x0000000085500000, 0x0000000085500000, 0x0000000085600000|  0%| F|  |TAMS 0x0000000085500000, 0x0000000085500000| Untracked 
|  68|0x0000000085600000, 0x0000000085600000, 0x0000000085700000|  0%| F|  |TAMS 0x0000000085600000, 0x0000000085600000| Untracked 
|  69|0x0000000085700000, 0x0000000085700000, 0x0000000085800000|  0%| F|  |TAMS 0x0000000085700000, 0x0000000085700000| Untracked 
|  70|0x0000000085800000, 0x0000000085800000, 0x0000000085900000|  0%| F|  |TAMS 0x0000000085800000, 0x0000000085800000| Untracked 
|  71|0x0000000085900000, 0x0000000085900000, 0x0000000085a00000|  0%| F|  |TAMS 0x0000000085900000, 0x0000000085900000| Untracked 
|  72|0x0000000085a00000, 0x0000000085a00000, 0x0000000085b00000|  0%| F|  |TAMS 0x0000000085a00000, 0x0000000085a00000| Untracked 
|  73|0x0000000085b00000, 0x0000000085b00000, 0x0000000085c00000|  0%| F|  |TAMS 0x0000000085b00000, 0x0000000085b00000| Untracked 
|  74|0x0000000085c00000, 0x0000000085c00000, 0x0000000085d00000|  0%| F|  |TAMS 0x0000000085c00000, 0x0000000085c00000| Untracked 
|  75|0x0000000085d00000, 0x0000000085d00000, 0x0000000085e00000|  0%| F|  |TAMS 0x0000000085d00000, 0x0000000085d00000| Untracked 
|  76|0x0000000085e00000, 0x0000000085e00000, 0x0000000085f00000|  0%| F|  |TAMS 0x0000000085e00000, 0x0000000085e00000| Untracked 
|  77|0x0000000085f00000, 0x0000000085f00000, 0x0000000086000000|  0%| F|  |TAMS 0x0000000085f00000, 0x0000000085f00000| Untracked 
|  78|0x0000000086000000, 0x0000000086000000, 0x0000000086100000|  0%| F|  |TAMS 0x0000000086000000, 0x0000000086000000| Untracked 
|  79|0x0000000086100000, 0x0000000086100000, 0x0000000086200000|  0%| F|  |TAMS 0x0000000086100000, 0x0000000086100000| Untracked 
|  80|0x0000000086200000, 0x0000000086200000, 0x0000000086300000|  0%| F|  |TAMS 0x0000000086200000, 0x0000000086200000| Untracked 
|  81|0x0000000086300000, 0x0000000086300000, 0x0000000086400000|  0%| F|  |TAMS 0x0000000086300000, 0x0000000086300000| Untracked 
|  82|0x0000000086400000, 0x0000000086400000, 0x0000000086500000|  0%| F|  |TAMS 0x0000000086400000, 0x0000000086400000| Untracked 
|  83|0x0000000086500000, 0x0000000086500000, 0x0000000086600000|  0%| F|  |TAMS 0x0000000086500000, 0x0000000086500000| Untracked 
|  84|0x0000000086600000, 0x0000000086600000, 0x0000000086700000|  0%| F|  |TAMS 0x0000000086600000, 0x0000000086600000| Untracked 
|  85|0x0000000086700000, 0x0000000086700000, 0x0000000086800000|  0%| F|  |TAMS 0x0000000086700000, 0x0000000086700000| Untracked 
|  86|0x0000000086800000, 0x0000000086800000, 0x0000000086900000|  0%| F|  |TAMS 0x0000000086800000, 0x0000000086800000| Untracked 
|  87|0x0000000086900000, 0x0000000086900000, 0x0000000086a00000|  0%| F|  |TAMS 0x0000000086900000, 0x0000000086900000| Untracked 
|  88|0x0000000086a00000, 0x0000000086a00000, 0x0000000086b00000|  0%| F|  |TAMS 0x0000000086a00000, 0x0000000086a00000| Untracked 
|  89|0x0000000086b00000, 0x0000000086b00000, 0x0000000086c00000|  0%| F|  |TAMS 0x0000000086b00000, 0x0000000086b00000| Untracked 
|  90|0x0000000086c00000, 0x0000000086c00000, 0x0000000086d00000|  0%| F|  |TAMS 0x0000000086c00000, 0x0000000086c00000| Untracked 
|  91|0x0000000086d00000, 0x0000000086d00000, 0x0000000086e00000|  0%| F|  |TAMS 0x0000000086d00000, 0x0000000086d00000| Untracked 
|  92|0x0000000086e00000, 0x0000000086e00000, 0x0000000086f00000|  0%| F|  |TAMS 0x0000000086e00000, 0x0000000086e00000| Untracked 
|  93|0x0000000086f00000, 0x0000000086f00000, 0x0000000087000000|  0%| F|  |TAMS 0x0000000086f00000, 0x0000000086f00000| Untracked 
|  94|0x0000000087000000, 0x0000000087000000, 0x0000000087100000|  0%| F|  |TAMS 0x0000000087000000, 0x0000000087000000| Untracked 
|  95|0x0000000087100000, 0x0000000087100000, 0x0000000087200000|  0%| F|  |TAMS 0x0000000087100000, 0x0000000087100000| Untracked 
|  96|0x0000000087200000, 0x0000000087200000, 0x0000000087300000|  0%| F|  |TAMS 0x0000000087200000, 0x0000000087200000| Untracked 
|  97|0x0000000087300000, 0x0000000087300000, 0x0000000087400000|  0%| F|  |TAMS 0x0000000087300000, 0x0000000087300000| Untracked 
|  98|0x0000000087400000, 0x0000000087400000, 0x0000000087500000|  0%| F|  |TAMS 0x0000000087400000, 0x0000000087400000| Untracked 
|  99|0x0000000087500000, 0x0000000087500000, 0x0000000087600000|  0%| F|  |TAMS 0x0000000087500000, 0x0000000087500000| Untracked 
| 100|0x0000000087600000, 0x0000000087600000, 0x0000000087700000|  0%| F|  |TAMS 0x0000000087600000, 0x0000000087600000| Untracked 
| 101|0x0000000087700000, 0x0000000087700000, 0x0000000087800000|  0%| F|  |TAMS 0x0000000087700000, 0x0000000087700000| Untracked 
| 102|0x0000000087800000, 0x0000000087800000, 0x0000000087900000|  0%| F|  |TAMS 0x0000000087800000, 0x0000000087800000| Untracked 
| 103|0x0000000087900000, 0x0000000087900000, 0x0000000087a00000|  0%| F|  |TAMS 0x0000000087900000, 0x0000000087900000| Untracked 
| 104|0x0000000087a00000, 0x0000000087a00000, 0x0000000087b00000|  0%| F|  |TAMS 0x0000000087a00000, 0x0000000087a00000| Untracked 
| 105|0x0000000087b00000, 0x0000000087b00000, 0x0000000087c00000|  0%| F|  |TAMS 0x0000000087b00000, 0x0000000087b00000| Untracked 
| 106|0x0000000087c00000, 0x0000000087c00000, 0x0000000087d00000|  0%| F|  |TAMS 0x0000000087c00000, 0x0000000087c00000| Untracked 
| 107|0x0000000087d00000, 0x0000000087d00000, 0x0000000087e00000|  0%| F|  |TAMS 0x0000000087d00000, 0x0000000087d00000| Untracked 
| 108|0x0000000087e00000, 0x0000000087eec078, 0x0000000087f00000| 92%| E|  |TAMS 0x0000000087e00000, 0x0000000087e00000| Complete 
| 109|0x0000000087f00000, 0x0000000088000000, 0x0000000088000000|100%| E|CS|TAMS 0x0000000087f00000, 0x0000000087f00000| Complete 
| 110|0x0000000088000000, 0x0000000088100000, 0x0000000088100000|100%| E|CS|TAMS 0x0000000088000000, 0x0000000088000000| Complete 
| 111|0x0000000088100000, 0x0000000088200000, 0x0000000088200000|100%| E|CS|TAMS 0x0000000088100000, 0x0000000088100000| Complete 
| 112|0x0000000088200000, 0x0000000088300000, 0x0000000088300000|100%| E|CS|TAMS 0x0000000088200000, 0x0000000088200000| Complete 
| 113|0x0000000088300000, 0x0000000088400000, 0x0000000088400000|100%| E|CS|TAMS 0x0000000088300000, 0x0000000088300000| Complete 
| 114|0x0000000088400000, 0x0000000088500000, 0x0000000088500000|100%| E|CS|TAMS 0x0000000088400000, 0x0000000088400000| Complete 
| 115|0x0000000088500000, 0x0000000088600000, 0x0000000088600000|100%| E|CS|TAMS 0x0000000088500000, 0x0000000088500000| Complete 
| 116|0x0000000088600000, 0x0000000088700000, 0x0000000088700000|100%| E|CS|TAMS 0x0000000088600000, 0x0000000088600000| Complete 
| 117|0x0000000088700000, 0x0000000088800000, 0x0000000088800000|100%| E|CS|TAMS 0x0000000088700000, 0x0000000088700000| Complete 
| 118|0x0000000088800000, 0x0000000088900000, 0x0000000088900000|100%| E|CS|TAMS 0x0000000088800000, 0x0000000088800000| Complete 
| 119|0x0000000088900000, 0x0000000088a00000, 0x0000000088a00000|100%| E|CS|TAMS 0x0000000088900000, 0x0000000088900000| Complete 
| 120|0x0000000088a00000, 0x0000000088b00000, 0x0000000088b00000|100%| E|CS|TAMS 0x0000000088a00000, 0x0000000088a00000| Complete 
| 121|0x0000000088b00000, 0x0000000088c00000, 0x0000000088c00000|100%| E|CS|TAMS 0x0000000088b00000, 0x0000000088b00000| Complete 
| 122|0x0000000088c00000, 0x0000000088d00000, 0x0000000088d00000|100%| E|CS|TAMS 0x0000000088c00000, 0x0000000088c00000| Complete 
| 123|0x0000000088d00000, 0x0000000088e00000, 0x0000000088e00000|100%| E|CS|TAMS 0x0000000088d00000, 0x0000000088d00000| Complete 
| 124|0x0000000088e00000, 0x0000000088f00000, 0x0000000088f00000|100%| E|CS|TAMS 0x0000000088e00000, 0x0000000088e00000| Complete 
| 125|0x0000000088f00000, 0x0000000089000000, 0x0000000089000000|100%| E|CS|TAMS 0x0000000088f00000, 0x0000000088f00000| Complete 
| 126|0x0000000089000000, 0x0000000089100000, 0x0000000089100000|100%| E|CS|TAMS 0x0000000089000000, 0x0000000089000000| Complete 
| 127|0x0000000089100000, 0x0000000089200000, 0x0000000089200000|100%| E|CS|TAMS 0x0000000089100000, 0x0000000089100000| Complete 

Card table byte_map: [0x000002257ceb0000,0x000002257d2b0000] _byte_map_base: 0x000002257caa7000

Marking Bits (Prev, Next): (CMBitMap*) 0x0000022574582050, (CMBitMap*) 0x0000022574582090
 Prev Bits: [0x000002257d6b0000, 0x000002257f668000)
 Next Bits: [0x000002250f000000, 0x0000022510fb8000)

Polling page: 0x0000022573d20000

Metaspace:

Usage:
  Non-class:      7.39 MB capacity,     7.26 MB ( 98%) used,   129.75 KB (  2%) free+waste,    11.06 KB ( <1%) overhead. 
      Class:    962.00 KB capacity,   883.09 KB ( 92%) used,    74.16 KB (  8%) free+waste,     4.75 KB ( <1%) overhead. 
       Both:      8.33 MB capacity,     8.12 MB ( 97%) used,   203.91 KB (  2%) free+waste,    15.81 KB ( <1%) overhead. 

Virtual space:
  Non-class space:        8.00 MB reserved,       7.50 MB ( 94%) committed 
      Class space:        1.00 GB reserved,       1.00 MB ( <1%) committed 
             Both:        1.01 GB reserved,       8.50 MB ( <1%) committed 

Chunk freelists:
   Non-Class:  44.00 KB
       Class:  30.00 KB
        Both:  74.00 KB

MaxMetaspaceSize: 17179869184.00 GB
CompressedClassSpaceSize: 1.00 GB

CodeHeap 'non-profiled nmethods': size=120000Kb used=584Kb max_used=584Kb free=119415Kb
 bounds [0x0000022507ad0000, 0x0000022507d40000, 0x000002250f000000]
CodeHeap 'profiled nmethods': size=120000Kb used=2829Kb max_used=2829Kb free=117170Kb
 bounds [0x00000225005a0000, 0x0000022500870000, 0x0000022507ad0000]
CodeHeap 'non-nmethods': size=5760Kb used=1272Kb max_used=1331Kb free=4488Kb
 bounds [0x0000022500000000, 0x0000022500270000, 0x00000225005a0000]
 total_blobs=2078 nmethods=1520 adapters=470
 compilation: enabled
              stopped_count=0, restarted_count=0
 full_count=0

Compilation events (20 events):
Event: 5657.103 Thread 0x0000022513178980 nmethod 1510% 0x0000022507b5ff90 code [0x0000022507b601a0, 0x0000022507b61218]
Event: 7680.991 Thread 0x000002251317aeb0 1512       3       java.lang.ref.ReferenceQueue::reallyPoll (65 bytes)
Event: 7680.993 Thread 0x000002251317aeb0 nmethod 1512 0x000002250085eb90 code [0x000002250085ed60, 0x000002250085f278]
Event: 15181.996 Thread 0x000002251317aeb0 1513   !   3       java.lang.ref.ReferenceQueue::remove (125 bytes)
Event: 15182.000 Thread 0x000002251317aeb0 nmethod 1513 0x000002250085f390 code [0x000002250085f5a0, 0x000002250085fcf8]
Event: 15302.004 Thread 0x000002251317aeb0 1514   !   3       jdk.internal.ref.PhantomCleanable::isListEmpty (34 bytes)
Event: 15302.005 Thread 0x000002251317aeb0 nmethod 1514 0x0000022500860010 code [0x00000225008601c0, 0x00000225008603f8]
Event: 15302.005 Thread 0x000002251317aeb0 1515       3       jdk.internal.misc.InnocuousThread::eraseThreadLocals (23 bytes)
Event: 15302.005 Thread 0x000002251317aeb0 nmethod 1515 0x0000022500860510 code [0x00000225008606a0, 0x0000022500860878]
Event: 81759.692 Thread 0x000002251317aeb0 1516       3       java.lang.String::hashCode (60 bytes)
Event: 81759.692 Thread 0x000002251317aeb0 nmethod 1516 0x0000022500860910 code [0x0000022500860ae0, 0x0000022500860e38]
Event: 81759.705 Thread 0x000002251317aeb0 1517       3       jdk.internal.ref.PhantomCleanable::<init> (49 bytes)
Event: 81759.707 Thread 0x000002251317aeb0 nmethod 1517 0x0000022500860f10 code [0x0000022500861160, 0x0000022500861c98]
Event: 81759.707 Thread 0x000002251317aeb0 1518   !   3       jdk.internal.ref.PhantomCleanable::insert (53 bytes)
Event: 81759.707 Thread 0x000002251317aeb0 nmethod 1518 0x0000022500862010 code [0x00000225008621c0, 0x0000022500862538]
Event: 81759.713 Thread 0x000002251317aeb0 1519       3       java.beans.PropertyChangeSupport::firePropertyChange (35 bytes)
Event: 81759.714 Thread 0x0000022513178980 1520       4       java.util.HashMap::afterNodeAccess (1 bytes)
Event: 81759.716 Thread 0x000002251317aeb0 nmethod 1519 0x0000022500862690 code [0x00000225008628a0, 0x0000022500863048]
Event: 81759.716 Thread 0x0000022513178980 nmethod 1520 0x0000022507b61e10 code [0x0000022507b61f80, 0x0000022507b61fd8]
Event: 84155.106 Thread 0x0000022513178980 1521       4       jdk.internal.org.objectweb.asm.Symbol::<init> (38 bytes)

GC Heap History (0 events):
No events

Deoptimization events (20 events):
Event: 81759.686 Thread 0x0000022513d8f990 Uncommon trap: trap_request=0xffffff45 fr.pc=0x0000022507aecc70 relative=0x0000000000000250
Event: 81759.686 Thread 0x0000022513d8f990 Uncommon trap: reason=unstable_if action=reinterpret pc=0x0000022507aecc70 method=java.lang.String.hashCode()I @ 20 c2
Event: 81759.686 Thread 0x0000022513d8f990 DEOPT PACKING pc=0x0000022507aecc70 sp=0x0000002a32efd740
Event: 81759.687 Thread 0x0000022513d8f990 DEOPT UNPACKING pc=0x000002250004e42f sp=0x0000002a32efd6d0 mode 2
Event: 81759.710 Thread 0x0000022513b4c510 Uncommon trap: trap_request=0xffffffde fr.pc=0x0000022507b3de54 relative=0x0000000000000ab4
Event: 81759.711 Thread 0x0000022513b4c510 Uncommon trap: reason=class_check action=maybe_recompile pc=0x0000022507b3de54 method=java.util.HashMap.putVal(ILjava/lang/Object;Ljava/lang/Object;ZZ)Ljava/lang/Object; @ 203 c2
Event: 81759.711 Thread 0x0000022513b4c510 DEOPT PACKING pc=0x0000022507b3de54 sp=0x0000002a333fe780
Event: 81759.711 Thread 0x0000022513b4c510 DEOPT UNPACKING pc=0x000002250004e42f sp=0x0000002a333fe720 mode 2
Event: 81759.711 Thread 0x0000022513b4c510 Uncommon trap: trap_request=0xffffffde fr.pc=0x0000022507b3de54 relative=0x0000000000000ab4
Event: 81759.711 Thread 0x0000022513b4c510 Uncommon trap: reason=class_check action=maybe_recompile pc=0x0000022507b3de54 method=java.util.HashMap.putVal(ILjava/lang/Object;Ljava/lang/Object;ZZ)Ljava/lang/Object; @ 203 c2
Event: 81759.711 Thread 0x0000022513b4c510 DEOPT PACKING pc=0x0000022507b3de54 sp=0x0000002a333fe780
Event: 81759.712 Thread 0x0000022513b4c510 DEOPT UNPACKING pc=0x000002250004e42f sp=0x0000002a333fe720 mode 2
Event: 81759.712 Thread 0x0000022513b4c510 Uncommon trap: trap_request=0xffffffde fr.pc=0x0000022507b3de54 relative=0x0000000000000ab4
Event: 81759.712 Thread 0x0000022513b4c510 Uncommon trap: reason=class_check action=maybe_recompile pc=0x0000022507b3de54 method=java.util.HashMap.putVal(ILjava/lang/Object;Ljava/lang/Object;ZZ)Ljava/lang/Object; @ 203 c2
Event: 81759.712 Thread 0x0000022513b4c510 DEOPT PACKING pc=0x0000022507b3de54 sp=0x0000002a333fe780
Event: 81759.712 Thread 0x0000022513b4c510 DEOPT UNPACKING pc=0x000002250004e42f sp=0x0000002a333fe720 mode 2
Event: 81759.713 Thread 0x0000022513b4c510 Uncommon trap: trap_request=0xffffffde fr.pc=0x0000022507b3de54 relative=0x0000000000000ab4
Event: 81759.713 Thread 0x0000022513b4c510 Uncommon trap: reason=class_check action=maybe_recompile pc=0x0000022507b3de54 method=java.util.HashMap.putVal(ILjava/lang/Object;Ljava/lang/Object;ZZ)Ljava/lang/Object; @ 203 c2
Event: 81759.713 Thread 0x0000022513b4c510 DEOPT PACKING pc=0x0000022507b3de54 sp=0x0000002a333fe780
Event: 81759.713 Thread 0x0000022513b4c510 DEOPT UNPACKING pc=0x000002250004e42f sp=0x0000002a333fe720 mode 2

Classes unloaded (0 events):
No events

Classes redefined (0 events):
No events

Internal exceptions (15 events):
Event: 0.053 Thread 0x0000022574540810 Exception <a 'java/lang/NoSuchMethodError'{0x00000000891e9440}: 'void java.lang.invoke.DirectMethodHandle$Holder.invokeSpecial(java.lang.Object, java.lang.Object, java.lang.Object)'> (0x00000000891e9440) 
thrown [./open/src/hotspot/share/interpreter/linkResolver.cpp, line 782]
Event: 0.080 Thread 0x0000022574540810 Exception <a 'java/lang/ClassNotFoundException'{0x00000000890e1060}: sun/awt/resources/spi/awtProvider> (0x00000000890e1060) 
thrown [./open/src/hotspot/share/classfile/systemDictionary.cpp, line 295]
Event: 0.097 Thread 0x0000022574540810 Exception <a 'java/io/FileNotFoundException'{0x0000000088f3e6b0}> (0x0000000088f3e6b0) 
thrown [./open/src/hotspot/share/prims/jni.cpp, line 578]
Event: 0.102 Thread 0x0000022574540810 Exception <a 'java/io/FileNotFoundException'{0x0000000088f6d068}> (0x0000000088f6d068) 
thrown [./open/src/hotspot/share/prims/jni.cpp, line 578]
Event: 0.102 Thread 0x0000022574540810 Exception <a 'java/lang/NoSuchMethodError'{0x0000000088f6e368}: 'java.lang.Object java.lang.invoke.DirectMethodHandle$Holder.invokeStatic(java.lang.Object)'> (0x0000000088f6e368) 
thrown [./open/src/hotspot/share/interpreter/linkResolver.cpp, line 782]
Event: 0.127 Thread 0x0000022574540810 Exception <a 'java/lang/NoSuchMethodError'{0x0000000088fb8258}: 'java.lang.Object java.lang.invoke.DirectMethodHandle$Holder.invokeStaticInit(java.lang.Object)'> (0x0000000088fb8258) 
thrown [./open/src/hotspot/share/interpreter/linkResolver.cpp, line 782]
Event: 0.263 Thread 0x0000022574540810 Exception <a 'java/lang/NoSuchMethodError'{0x0000000088e3f2c8}: 'java.lang.Object java.lang.invoke.DirectMethodHandle$Holder.newInvokeSpecial(java.lang.Object, java.lang.Object, java.lang.Object, java.lang.Object, java.lang.Object)'> (0x0000000088e3f2c8) 
thrown [./open/src/hotspot/share/interpreter/linkResolver.cpp, line 782]
Event: 0.264 Thread 0x0000022574540810 Exception <a 'java/lang/NoSuchMethodError'{0x0000000088e4ad58}: 'java.lang.Object java.lang.invoke.DirectMethodHandle$Holder.invokeStatic(java.lang.Object, int, java.lang.Object, java.lang.Object, java.lang.Object, java.lang.Object)'> (0x0000000088e4ad58) 
thrown [./open/src/hotspot/share/interpreter/linkResolver.cpp, line 782]
Event: 0.266 Thread 0x0000022574540810 Exception <a 'java/lang/NoSuchMethodError'{0x0000000088e71000}: 'java.lang.Object java.lang.invoke.DirectMethodHandle$Holder.invokeStatic(java.lang.Object, int, java.lang.Object)'> (0x0000000088e71000) 
thrown [./open/src/hotspot/share/interpreter/linkResolver.cpp, line 782]
Event: 0.280 Thread 0x0000022574540810 Exception <a 'java/lang/ClassNotFoundException'{0x0000000088d299b0}: com/sun/swing/internal/plaf/metal/resources/spi/metalProvider> (0x0000000088d299b0) 
thrown [./open/src/hotspot/share/classfile/systemDictionary.cpp, line 295]
Event: 0.281 Thread 0x0000022574540810 Exception <a 'java/lang/ClassNotFoundException'{0x0000000088d2f958}: com/sun/swing/internal/plaf/basic/resources/spi/basicProvider> (0x0000000088d2f958) 
thrown [./open/src/hotspot/share/classfile/systemDictionary.cpp, line 295]
Event: 0.320 Thread 0x0000022574540810 Implicit null exception at 0x0000022507afe574 to 0x0000022507afe63c
Event: 0.345 Thread 0x0000022574540810 Exception <a 'java/lang/NoSuchMethodError'{0x0000000088c3f810}: 'void java.lang.invoke.DirectMethodHandle$Holder.invokeStaticInit(java.lang.Object)'> (0x0000000088c3f810) 
thrown [./open/src/hotspot/share/interpreter/linkResolver.cpp, line 782]
Event: 0.351 Thread 0x0000022574540810 Exception <a 'java/io/FileNotFoundException'{0x0000000088c4bd70}> (0x0000000088c4bd70) 
thrown [./open/src/hotspot/share/prims/jni.cpp, line 578]
Event: 4.259 Thread 0x0000022513b4c510 Exception <a 'java/lang/NullPointerException'{0x0000000088523c10}> (0x0000000088523c10) 
thrown [./open/src/hotspot/share/interpreter/linkResolver.cpp, line 1374]

Events (20 events):
Event: 4.006 Thread 0x000002251b609b10 Thread exited: 0x000002251b609b10
Event: 4.259 loading class java/lang/InterruptedException
Event: 4.259 loading class java/lang/InterruptedException done
Event: 4.260 loading class java/lang/StackTraceElement$HashedModules
Event: 4.260 loading class java/lang/StackTraceElement$HashedModules done
Event: 4.495 Executing VM operation: HandshakeAllThreads
Event: 4.495 Executing VM operation: HandshakeAllThreads done
Event: 5.326 loading class java/awt/LightweightDispatcher$2
Event: 5.327 loading class java/awt/LightweightDispatcher$2 done
Event: 5.506 Executing VM operation: HandshakeAllThreads
Event: 5.506 Executing VM operation: HandshakeAllThreads done
Event: 5.745 loading class java/awt/KeyboardFocusManager$2
Event: 5.745 loading class java/awt/KeyboardFocusManager$2 done
Event: 5.746 loading class sun/awt/SunToolkit$1
Event: 5.746 loading class sun/awt/SunToolkit$1 done
Event: 6780.883 Loaded shared library C:\Program Files\Java\jdk-15\bin\java.dll
Event: 18034.779 loading class java/awt/desktop/SystemSleepListener
Event: 18034.780 loading class java/awt/desktop/SystemEventListener
Event: 18034.780 loading class java/awt/desktop/SystemEventListener done
Event: 18034.780 loading class java/awt/desktop/SystemSleepListener done


Dynamic libraries:
0x00007ff7cc330000 - 0x00007ff7cc33f000 	C:\Program Files\Java\jdk-15\bin\javaw.exe
0x00007ffe10070000 - 0x00007ffe10265000 	C:\WINDOWS\SYSTEM32\ntdll.dll
0x00007ffe0f9a0000 - 0x00007ffe0fa5d000 	C:\WINDOWS\System32\KERNEL32.DLL
0x00007ffe0dc10000 - 0x00007ffe0ded8000 	C:\WINDOWS\System32\KERNELBASE.dll
0x00007ffe0db10000 - 0x00007ffe0dc10000 	C:\WINDOWS\System32\ucrtbase.dll
0x00007ffe009a0000 - 0x00007ffe009b9000 	C:\Program Files\Java\jdk-15\bin\VCRUNTIME140.dll
0x00007ffdff3f0000 - 0x00007ffdff408000 	C:\Program Files\Java\jdk-15\bin\jli.dll
0x00007ffe0e4f0000 - 0x00007ffe0e59c000 	C:\WINDOWS\System32\ADVAPI32.dll
0x00007ffe0e5a0000 - 0x00007ffe0e63e000 	C:\WINDOWS\System32\msvcrt.dll
0x00007ffe0fed0000 - 0x00007ffe0ff6b000 	C:\WINDOWS\System32\sechost.dll
0x00007ffe0f3f0000 - 0x00007ffe0f51b000 	C:\WINDOWS\System32\RPCRT4.dll
0x00007ffe0f0d0000 - 0x00007ffe0f270000 	C:\WINDOWS\System32\USER32.dll
0x00007ffe0dff0000 - 0x00007ffe0e012000 	C:\WINDOWS\System32\win32u.dll
0x00007ffe0e870000 - 0x00007ffe0e89a000 	C:\WINDOWS\System32\GDI32.dll
0x00007ffdf8d00000 - 0x00007ffdf8f9a000 	C:\WINDOWS\WinSxS\amd64_microsoft.windows.common-controls_6595b64144ccf1df_6.0.19041.844_none_ca00b6081b84eb1d\COMCTL32.dll
0x00007ffe0dee0000 - 0x00007ffe0dfeb000 	C:\WINDOWS\System32\gdi32full.dll
0x00007ffe0d800000 - 0x00007ffe0d89d000 	C:\WINDOWS\System32\msvcp_win.dll
0x00007ffe066b0000 - 0x00007ffe066ba000 	C:\WINDOWS\SYSTEM32\VERSION.dll
0x00007ffe0e820000 - 0x00007ffe0e850000 	C:\WINDOWS\System32\IMM32.DLL
0x00007ffe00c30000 - 0x00007ffe00c3c000 	C:\Program Files\Java\jdk-15\bin\vcruntime140_1.dll
0x00007ffdf9df0000 - 0x00007ffdf9e81000 	C:\Program Files\Java\jdk-15\bin\msvcp140.dll
0x00007ffdca630000 - 0x00007ffdcb18c000 	C:\Program Files\Java\jdk-15\bin\server\jvm.dll
0x00007ffe0e850000 - 0x00007ffe0e858000 	C:\WINDOWS\System32\PSAPI.DLL
0x00007ffe070e0000 - 0x00007ffe070e9000 	C:\WINDOWS\SYSTEM32\WSOCK32.dll
0x00007ffe04a70000 - 0x00007ffe04a97000 	C:\WINDOWS\SYSTEM32\WINMM.dll
0x00007ffe0f930000 - 0x00007ffe0f99b000 	C:\WINDOWS\System32\WS2_32.dll
0x00007ffe0c0d0000 - 0x00007ffe0c0e2000 	C:\WINDOWS\SYSTEM32\kernel.appcore.dll
0x00007ffe04d80000 - 0x00007ffe04d8a000 	C:\Program Files\Java\jdk-15\bin\jimage.dll
0x00007ffe0b600000 - 0x00007ffe0b7e4000 	C:\WINDOWS\SYSTEM32\DBGHELP.DLL
0x00007ffe02f90000 - 0x00007ffe02fbc000 	C:\WINDOWS\SYSTEM32\dbgcore.DLL
0x00007ffe0d8a0000 - 0x00007ffe0d920000 	C:\WINDOWS\System32\bcryptPrimitives.dll
0x00007ffe00f50000 - 0x00007ffe00f75000 	C:\Program Files\Java\jdk-15\bin\java.dll
0x00007ffe0e980000 - 0x00007ffe0f0c2000 	C:\WINDOWS\System32\SHELL32.dll
0x00007ffe0b8e0000 - 0x00007ffe0c070000 	C:\WINDOWS\SYSTEM32\windows.storage.dll
0x00007ffe0e130000 - 0x00007ffe0e485000 	C:\WINDOWS\System32\combase.dll
0x00007ffe0d220000 - 0x00007ffe0d24c000 	C:\WINDOWS\SYSTEM32\Wldp.dll
0x00007ffe0f880000 - 0x00007ffe0f92e000 	C:\WINDOWS\System32\SHCORE.dll
0x00007ffe0ff70000 - 0x00007ffe0ffc5000 	C:\WINDOWS\System32\shlwapi.dll
0x00007ffe0d6f0000 - 0x00007ffe0d70f000 	C:\WINDOWS\SYSTEM32\profapi.dll
0x00007ffe01b60000 - 0x00007ffe01b79000 	C:\Program Files\Java\jdk-15\bin\net.dll
0x00007ffe01eb0000 - 0x00007ffe01fbb000 	C:\WINDOWS\SYSTEM32\WINHTTP.dll
0x00007ffe0cf20000 - 0x00007ffe0cf8a000 	C:\WINDOWS\system32\mswsock.dll
0x00007ffe00ea0000 - 0x00007ffe00eb2000 	C:\Program Files\Java\jdk-15\bin\nio.dll
0x00007ffe00d40000 - 0x00007ffe00d58000 	C:\Program Files\Java\jdk-15\bin\zip.dll
0x00007ffdf3270000 - 0x00007ffdf33f0000 	C:\Program Files\Java\jdk-15\bin\awt.dll
0x00007ffe0f270000 - 0x00007ffe0f33d000 	C:\WINDOWS\System32\OLEAUT32.dll
0x00007ffe0adf0000 - 0x00007ffe0ae80000 	C:\WINDOWS\SYSTEM32\apphelp.dll
0x00007ffe0b180000 - 0x00007ffe0b1af000 	C:\WINDOWS\system32\DWMAPI.DLL
0x00007ffe0aea0000 - 0x00007ffe0af3e000 	C:\WINDOWS\system32\uxtheme.dll
0x00007ffdf4dd0000 - 0x00007ffdf4ef6000 	C:\WINDOWS\system32\opengl32.dll
0x00007ffdff3c0000 - 0x00007ffdff3ec000 	C:\WINDOWS\SYSTEM32\GLU32.dll
0x00007ffe0f630000 - 0x00007ffe0f745000 	C:\WINDOWS\System32\MSCTF.dll
0x00007ffe0f750000 - 0x00007ffe0f87a000 	C:\WINDOWS\System32\ole32.dll
0x00007ffdfee80000 - 0x00007ffdff04e000 	C:\WINDOWS\system32\d3d9.dll
0x00007ffe02b60000 - 0x00007ffe02c4f000 	C:\WINDOWS\System32\DriverStore\FileRepository\nvlt.inf_amd64_c8af195ee1543133\nvldumdx.dll
0x00007ffe0d920000 - 0x00007ffe0da7f000 	C:\WINDOWS\System32\crypt32.dll
0x00007ffe04c80000 - 0x00007ffe04cb1000 	C:\WINDOWS\SYSTEM32\cryptnet.dll
0x00007ffe0d0f0000 - 0x00007ffe0d0fc000 	C:\WINDOWS\SYSTEM32\cryptbase.dll
0x00007ffe0dab0000 - 0x00007ffe0db10000 	C:\WINDOWS\System32\WINTRUST.DLL
0x00007ffe0d3a0000 - 0x00007ffe0d3b2000 	C:\WINDOWS\SYSTEM32\MSASN1.dll
0x00007ffe0e800000 - 0x00007ffe0e81d000 	C:\WINDOWS\System32\imagehlp.dll
0x00007ffe0d100000 - 0x00007ffe0d118000 	C:\WINDOWS\SYSTEM32\CRYPTSP.dll
0x00007ffe0c860000 - 0x00007ffe0c894000 	C:\WINDOWS\system32\rsaenh.dll
0x00007ffe0da80000 - 0x00007ffe0daa7000 	C:\WINDOWS\System32\bcrypt.dll
0x00007ffdbc800000 - 0x00007ffdbdd07000 	C:\WINDOWS\System32\DriverStore\FileRepository\nvlt.inf_amd64_c8af195ee1543133\nvd3dumx.dll
0x00007ffe0d170000 - 0x00007ffe0d1bb000 	C:\WINDOWS\SYSTEM32\powrprof.dll
0x00007ffe0d150000 - 0x00007ffe0d162000 	C:\WINDOWS\SYSTEM32\UMPDC.dll
0x00007ffde79c0000 - 0x00007ffde7c81000 	C:\WINDOWS\system32\nvspcap64.dll
0x00007ffe0c4f0000 - 0x00007ffe0c523000 	C:\WINDOWS\SYSTEM32\ntmarta.dll
0x00007ffe0c080000 - 0x00007ffe0c0a3000 	C:\WINDOWS\SYSTEM32\gpapi.dll
0x00007ffe03540000 - 0x00007ffe0357b000 	C:\WINDOWS\SYSTEM32\dxcore.dll
0x00007ffe0d7b0000 - 0x00007ffe0d7fe000 	C:\WINDOWS\System32\cfgmgr32.dll
0x00007ffdf7b20000 - 0x00007ffdf7ba5000 	C:\Program Files\Java\jdk-15\bin\freetype.dll
0x00007ffdf6fc0000 - 0x00007ffdf7069000 	C:\Program Files\Java\jdk-15\bin\fontmanager.dll
0x00007ffdf8a40000 - 0x00007ffdf8b39000 	C:\WINDOWS\SYSTEM32\textinputframework.dll
0x00007ffe0a780000 - 0x00007ffe0aade000 	C:\WINDOWS\System32\CoreUIComponents.dll
0x00007ffe0aae0000 - 0x00007ffe0abd2000 	C:\WINDOWS\System32\CoreMessaging.dll
0x00007ffe09f70000 - 0x00007ffe0a0c4000 	C:\WINDOWS\SYSTEM32\wintypes.dll

dbghelp: loaded successfully - version: 4.0.5 - missing functions: none
symbol engine: initialized successfully - sym options: 0x614 - pdb path: .;C:\Program Files\Java\jdk-15\bin;C:\WINDOWS\SYSTEM32;C:\WINDOWS\WinSxS\amd64_microsoft.windows.common-controls_6595b64144ccf1df_6.0.19041.844_none_ca00b6081b84eb1d;C:\Program Files\Java\jdk-15\bin\server;C:\WINDOWS\System32\DriverStore\FileRepository\nvlt.inf_amd64_c8af195ee1543133

VM Arguments:
jvm_args: -Dfile.encoding=GBK -XX:+ShowCodeDetailsInExceptionMessages 
java_command: game_life_self.start_frame
java_class_path (initial): C:\Users\tangdonghui\eclipse-workspace\shengming.java\bin;C:\Users\tangdonghui\.p2\pool\plugins\org.junit.jupiter.api_5.7.1.v20210222-1948.jar;C:\Users\tangdonghui\.p2\pool\plugins\org.junit.jupiter.engine_5.7.1.v20210222-1948.jar;C:\Users\tangdonghui\.p2\pool\plugins\org.junit.jupiter.migrationsupport_5.7.1.v20210222-1948.jar;C:\Users\tangdonghui\.p2\pool\plugins\org.junit.jupiter.params_5.7.1.v20210222-1948.jar;C:\Users\tangdonghui\.p2\pool\plugins\org.junit.platform.commons_1.7.1.v20210222-1948.jar;C:\Users\tangdonghui\.p2\pool\plugins\org.junit.platform.engine_1.7.1.v20210222-1948.jar;C:\Users\tangdonghui\.p2\pool\plugins\org.junit.platform.launcher_1.7.1.v20210222-1948.jar;C:\Users\tangdonghui\.p2\pool\plugins\org.junit.platform.runner_1.7.1.v20210222-1948.jar;C:\Users\tangdonghui\.p2\pool\plugins\org.junit.platform.suite.api_1.7.1.v20210222-1948.jar;C:\Users\tangdonghui\.p2\pool\plugins\org.junit.vintage.engine_5.7.1.v20210222-1948.jar;C:\Users\tangdonghui\.p2\pool\plugins\org.opentest4j_1.2.0.v20190826-0900.jar;C:\Users\tangdonghui\.p2\pool\plugins\org.apiguardian_1.1.0.v20190826-0900.jar;C:\Users\tangdonghui\.p2\pool\plugins\org.junit_4.13.0.v20200204-1500.jar;C:\Users\tangdonghui\.p2\pool\plugins\org.hamcrest.core_1.3.0.v20180420-1519.jar
Launcher Type: SUN_STANDARD

[Global flags]
     intx CICompilerCount                          = 4                                         {product} {ergonomic}
     uint ConcGCThreads                            = 2                                         {product} {ergonomic}
     uint G1ConcRefinementThreads                  = 8                                         {product} {ergonomic}
   size_t G1HeapRegionSize                         = 1048576                                   {product} {ergonomic}
    uintx GCDrainStackTargetSize                   = 64                                        {product} {ergonomic}
   size_t InitialHeapSize                          = 134217728                                 {product} {ergonomic}
   size_t MarkStackSize                            = 4194304                                   {product} {ergonomic}
   size_t MaxHeapSize                              = 2128609280                                {product} {ergonomic}
   size_t MaxNewSize                               = 1277165568                                {product} {ergonomic}
   size_t MinHeapDeltaBytes                        = 1048576                                   {product} {ergonomic}
   size_t MinHeapSize                              = 8388608                                   {product} {ergonomic}
    uintx NonNMethodCodeHeapSize                   = 5839372                                {pd product} {ergonomic}
    uintx NonProfiledCodeHeapSize                  = 122909434                              {pd product} {ergonomic}
    uintx ProfiledCodeHeapSize                     = 122909434                              {pd product} {ergonomic}
    uintx ReservedCodeCacheSize                    = 251658240                              {pd product} {ergonomic}
     bool SegmentedCodeCache                       = true                                      {product} {ergonomic}
     bool ShowCodeDetailsInExceptionMessages       = true                                   {manageable} {command line}
   size_t SoftMaxHeapSize                          = 2128609280                             {manageable} {ergonomic}
     bool UseCompressedClassPointers               = true                                 {lp64_product} {ergonomic}
     bool UseCompressedOops                        = true                                 {lp64_product} {ergonomic}
     bool UseG1GC                                  = true                                      {product} {ergonomic}
     bool UseLargePagesIndividualAllocation        = false                                  {pd product} {ergonomic}

Logging:
Log output configuration:
 #0: stdout all=warning uptime,level,tags
 #1: stderr all=off uptime,level,tags

Environment Variables:
JAVA_HOME=D:\Java Development Kit
CLASSPATH=.;D:\Java Development Kit\lib;D:\Java Development Kit\lib\tools.jar
PATH=C:/Program Files/Java/jdk-15/bin/server;C:/Program Files/Java/jdk-15/bin;D:\新建文件夹\bin;D:\新建文件夹\utils\bin;C:\ProgramData\Oracle\Java\javapath;C:\Program Files\Common Files\Oracle\Java\javapath;C:\Program Files (x86)\Common Files\Oracle\Java\javapath;C:\Windows\system32;C:\Windows;C:\Windows\System32\Wbem;C:\Windows\System32\WindowsPowerShell\v1.0\;C:\Windows\System32\OpenSSH\;C:\Program Files (x86)\NVIDIA Corporation\PhysX\Common;C:\Program Files\NVIDIA Corporation\NVIDIA NvDLISR;";D:\Java Development Kit\bin;D:\Java Development Kit\jre\bin";D:\MATLAB2020a\runtime\win64;D:\MATLAB2020a\bin;D:\MATLAB2020a\polyspace\bin;C:\WINDOWS\system32;C:\WINDOWS;C:\WINDOWS\System32\Wbem;C:\WINDOWS\System32\WindowsPowerShell\v1.0\;C:\WINDOWS\System32\OpenSSH\;C:\Users\tangdonghui\AppData\Local\Microsoft\WindowsApps;;C:\Users\tangdonghui\Desktop;
USERNAME=tangdonghui
OS=Windows_NT
PROCESSOR_IDENTIFIER=Intel64 Family 6 Model 158 Stepping 13, GenuineIntel



---------------  S Y S T E M  ---------------

OS:
 Windows 10 , 64 bit Build 19041 (10.0.19041.928)
OS uptime: 15 days 16:06 hours

CPU: total 8 (initial active 8) (4 cores per cpu, 2 threads per core) family 6 model 158 stepping 13, cmov, cx8, fxsr, mmx, sse, sse2, sse3, ssse3, sse4.1, sse4.2, popcnt, vzeroupper, avx, avx2, aes, clmul, erms, 3dnowpref, lzcnt, ht, tsc, tscinvbit, bmi1, bmi2, adx, fma, clflush, clflushopt

Memory: 4k page, system-wide physical 8112M (1725M free)
TotalPageFile size 14256M (AvailPageFile size 0M)
current process WorkingSet (physical memory assigned to process): 13M, peak: 96M
current process commit charge ("private bytes"): 247M, peak: 259M

vm_info: Java HotSpot(TM) 64-Bit Server VM (15+36-1562) for windows-amd64 JRE (15+36-1562), built on Aug 11 2020 22:38:02 by "mach5one" with unknown MS VC++:1925

END.
