#
# There is insufficient memory for the Java Runtime Environment to continue.
# Native memory allocation (malloc) failed to allocate 32744 bytes for ChunkPool::allocate
# Possible reasons:
#   The system is out of physical RAM or swap space
#   The process is running with CompressedOops enabled, and the Java Heap may be blocking the growth of the native heap
# Possible solutions:
#   Reduce memory load on the system
#   Increase physical memory or swap space
#   Check if swap backing store is full
#   Decrease Java heap size (-Xmx/-Xms)
#   Decrease number of Java threads
#   Decrease Java thread stack sizes (-Xss)
#   Set larger code cache with -XX:ReservedCodeCacheSize=
#   JVM is running with Unscaled Compressed Oops mode in which the Java heap is
#     placed in the first 4GB address space. The Java Heap base address is the
#     maximum limit for the native heap growth. Please use -XX:HeapBaseMinAddress
#     to set the Java Heap base and to place the Java Heap above 4GB virtual address.
# This output file may be truncated or incomplete.
#
#  Out of Memory Error (./open/src/hotspot/share/memory/arena.cpp:79), pid=10524, tid=10572
#
# JRE version: Java(TM) SE Runtime Environment (15.0+36) (build 15+36-1562)
# Java VM: Java HotSpot(TM) 64-Bit Server VM (15+36-1562, mixed mode, sharing, tiered, compressed oops, g1 gc, windows-amd64)
# No core dump will be written. Minidumps are not enabled by default on client versions of Windows
#

---------------  S U M M A R Y ------------

Command Line: -Dfile.encoding=GBK -XX:+ShowCodeDetailsInExceptionMessages game_life_self.start_frame

Host: Intel(R) Core(TM) i5-9300HF CPU @ 2.40GHz, 8 cores, 7G,  Windows 10 , 64 bit Build 19041 (10.0.19041.928)
Time: Wed Jun  2 13:58:44 2021 中国标准时间 elapsed time: 83932.559878 seconds (0d 23h 18m 52s)

---------------  T H R E A D  ---------------

Current thread (0x0000022cfadf6a80):  JavaThread "C2 CompilerThread0" daemon [_thread_in_native, id=10572, stack(0x00000036e2400000,0x00000036e2500000)]


Current CompileTask:
C2:83932561 1480       4       jdk.internal.org.objectweb.asm.SymbolTable::put (150 bytes)

Stack: [0x00000036e2400000,0x00000036e2500000]
Native frames: (J=compiled Java code, j=interpreted, Vv=VM code, C=native code)
V  [jvm.dll+0x629eaa]
V  [jvm.dll+0x780379]
V  [jvm.dll+0x781ad3]
V  [jvm.dll+0x782133]
V  [jvm.dll+0x2159d5]
V  [jvm.dll+0x97cdf]
V  [jvm.dll+0x9802c]
V  [jvm.dll+0x279985]
V  [jvm.dll+0x53faf4]
V  [jvm.dll+0x1f23a4]
V  [jvm.dll+0x1eba18]
V  [jvm.dll+0x1e8f37]
V  [jvm.dll+0x177f17]
V  [jvm.dll+0x1f88f5]
V  [jvm.dll+0x1f699c]
V  [jvm.dll+0x74384d]
V  [jvm.dll+0x73c64a]
V  [jvm.dll+0x628d16]
C  [ucrtbase.dll+0x21bb2]
C  [KERNEL32.DLL+0x17034]
C  [ntdll.dll+0x52651]


---------------  P R O C E S S  ---------------

Threads class SMR info:
_java_thread_list=0x0000022c8424b6b0, length=16, elements={
0x0000022cfadd3ba0, 0x0000022cfadd4680, 0x0000022cfadf3a00, 0x0000022cfadf53d0,
0x0000022cfadf5d90, 0x0000022cfadf6a80, 0x0000022cfae17020, 0x0000022cfae1f520,
0x0000022cfb78f520, 0x0000022cfb798e00, 0x0000022cfba77a50, 0x0000022cfba7b200,
0x0000022cfba7b8f0, 0x0000022cfc65a9a0, 0x0000022cfc67e3a0, 0x0000022cda319c40
}

Java Threads: ( => current thread )
  0x0000022cfadd3ba0 JavaThread "Reference Handler" daemon [_thread_blocked, id=1312, stack(0x00000036e1f00000,0x00000036e2000000)]
  0x0000022cfadd4680 JavaThread "Finalizer" daemon [_thread_blocked, id=17476, stack(0x00000036e2000000,0x00000036e2100000)]
  0x0000022cfadf3a00 JavaThread "Signal Dispatcher" daemon [_thread_blocked, id=17544, stack(0x00000036e2100000,0x00000036e2200000)]
  0x0000022cfadf53d0 JavaThread "Attach Listener" daemon [_thread_blocked, id=18336, stack(0x00000036e2200000,0x00000036e2300000)]
  0x0000022cfadf5d90 JavaThread "Service Thread" daemon [_thread_blocked, id=14956, stack(0x00000036e2300000,0x00000036e2400000)]
=>0x0000022cfadf6a80 JavaThread "C2 CompilerThread0" daemon [_thread_in_native, id=10572, stack(0x00000036e2400000,0x00000036e2500000)]
  0x0000022cfae17020 JavaThread "C1 CompilerThread0" daemon [_thread_blocked, id=20068, stack(0x00000036e2500000,0x00000036e2600000)]
  0x0000022cfae1f520 JavaThread "Sweeper thread" daemon [_thread_blocked, id=21440, stack(0x00000036e2600000,0x00000036e2700000)]
  0x0000022cfb78f520 JavaThread "Notification Thread" daemon [_thread_blocked, id=16388, stack(0x00000036e2700000,0x00000036e2800000)]
  0x0000022cfb798e00 JavaThread "Common-Cleaner" daemon [_thread_blocked, id=14084, stack(0x00000036e2900000,0x00000036e2a00000)]
  0x0000022cfba77a50 JavaThread "Java2D Disposer" daemon [_thread_blocked, id=15040, stack(0x00000036e2a00000,0x00000036e2b00000)]
  0x0000022cfba7b200 JavaThread "AWT-Shutdown" [_thread_blocked, id=17888, stack(0x00000036e2b00000,0x00000036e2c00000)]
  0x0000022cfba7b8f0 JavaThread "AWT-Windows" daemon [_thread_in_native, id=11060, stack(0x00000036e2c00000,0x00000036e2d00000)]
  0x0000022cfc65a9a0 JavaThread "AWT-EventQueue-0" [_thread_in_native, id=20688, stack(0x00000036e3100000,0x00000036e3200000)]
  0x0000022cfc67e3a0 JavaThread "D3D Screen Updater" daemon [_thread_blocked, id=18060, stack(0x00000036e3200000,0x00000036e3300000)]
  0x0000022cda319c40 JavaThread "DestroyJavaVM" [_thread_blocked, id=12388, stack(0x00000036e1800000,0x00000036e1900000)]

Other Threads:
  0x0000022cfadd0400 VMThread "VM Thread" [stack: 0x00000036e1e00000,0x00000036e1f00000] [id=17104]
  0x0000022cfb7a08b0 WatcherThread [stack: 0x00000036e2800000,0x00000036e2900000] [id=20916]
  0x0000022cda3534c0 GCTaskThread "GC Thread#0" [stack: 0x00000036e1900000,0x00000036e1a00000] [id=17248]
  0x0000022cda365c10 ConcurrentGCThread "G1 Main Marker" [stack: 0x00000036e1a00000,0x00000036e1b00000] [id=20596]
  0x0000022cda366790 ConcurrentGCThread "G1 Conc#0" [stack: 0x00000036e1b00000,0x00000036e1c00000] [id=17212]
  0x0000022cda3e51a0 ConcurrentGCThread "G1 Refine#0" [stack: 0x00000036e1c00000,0x00000036e1d00000] [id=7684]
  0x0000022cda3e5a70 ConcurrentGCThread "G1 Young RemSet Sampling" [stack: 0x00000036e1d00000,0x00000036e1e00000] [id=17916]

Threads with active compile tasks:
C2 CompilerThread0  83932623 1480       4       jdk.internal.org.objectweb.asm.SymbolTable::put (150 bytes)

VM state: not at safepoint (normal execution)

VM Mutex/Monitor currently owned by a thread: None

Heap address: 0x0000000081200000, size: 2030 MB, Compressed Oops mode: 32-bit
CDS archive(s) mapped at: [0x0000000800000000-0x0000000800b50000-0x0000000800b50000), size 11862016, SharedBaseAddress: 0x0000000800000000, ArchiveRelocationMode: 0.
Compressed class space mapped at: 0x0000000800b50000-0x0000000840b50000, size: 1073741824
Narrow klass base: 0x0000000800000000, Narrow klass shift: 3, Narrow klass range: 0x100000000

GC Precious Log:
 CPUs: 8 total, 8 available
 Memory: 8112M
 Large Page Support: Disabled
 NUMA Support: Disabled
 Compressed Oops: Enabled (32-bit)
 Heap Region Size: 1M
 Heap Min Capacity: 8M
 Heap Initial Capacity: 128M
 Heap Max Capacity: 2030M
 Pre-touch: Disabled
 Parallel Workers: 8
 Concurrent Workers: 2
 Concurrent Refinement Workers: 8
 Periodic GC: Disabled

Heap:
 garbage-first heap   total 131072K, used 24576K [0x0000000081200000, 0x0000000100000000)
  region size 1024K, 21 young (21504K), 0 survivors (0K)
 Metaspace       used 8306K, capacity 8526K, committed 8704K, reserved 1056768K
  class space    used 885K, capacity 962K, committed 1024K, reserved 1048576K

Heap Regions: E=young(eden), S=young(survivor), O=old, HS=humongous(starts), HC=humongous(continues), CS=collection set, F=free, OA=open archive, CA=closed archive, TAMS=top-at-mark-start (previous, next)
|   0|0x0000000081200000, 0x0000000081300000, 0x0000000081300000|100%|HS|  |TAMS 0x0000000081200000, 0x0000000081200000| Complete 
|   1|0x0000000081300000, 0x0000000081400000, 0x0000000081400000|100%|HS|  |TAMS 0x0000000081300000, 0x0000000081300000| Complete 
|   2|0x0000000081400000, 0x0000000081500000, 0x0000000081500000|100%|HS|  |TAMS 0x0000000081400000, 0x0000000081400000| Complete 
|   3|0x0000000081500000, 0x0000000081600000, 0x0000000081600000|100%|HS|  |TAMS 0x0000000081500000, 0x0000000081500000| Complete 
|   4|0x0000000081600000, 0x0000000081600000, 0x0000000081700000|  0%| F|  |TAMS 0x0000000081600000, 0x0000000081600000| Untracked 
|   5|0x0000000081700000, 0x0000000081700000, 0x0000000081800000|  0%| F|  |TAMS 0x0000000081700000, 0x0000000081700000| Untracked 
|   6|0x0000000081800000, 0x0000000081800000, 0x0000000081900000|  0%| F|  |TAMS 0x0000000081800000, 0x0000000081800000| Untracked 
|   7|0x0000000081900000, 0x0000000081900000, 0x0000000081a00000|  0%| F|  |TAMS 0x0000000081900000, 0x0000000081900000| Untracked 
|   8|0x0000000081a00000, 0x0000000081a00000, 0x0000000081b00000|  0%| F|  |TAMS 0x0000000081a00000, 0x0000000081a00000| Untracked 
|   9|0x0000000081b00000, 0x0000000081b00000, 0x0000000081c00000|  0%| F|  |TAMS 0x0000000081b00000, 0x0000000081b00000| Untracked 
|  10|0x0000000081c00000, 0x0000000081c00000, 0x0000000081d00000|  0%| F|  |TAMS 0x0000000081c00000, 0x0000000081c00000| Untracked 
|  11|0x0000000081d00000, 0x0000000081d00000, 0x0000000081e00000|  0%| F|  |TAMS 0x0000000081d00000, 0x0000000081d00000| Untracked 
|  12|0x0000000081e00000, 0x0000000081e00000, 0x0000000081f00000|  0%| F|  |TAMS 0x0000000081e00000, 0x0000000081e00000| Untracked 
|  13|0x0000000081f00000, 0x0000000081f00000, 0x0000000082000000|  0%| F|  |TAMS 0x0000000081f00000, 0x0000000081f00000| Untracked 
|  14|0x0000000082000000, 0x0000000082000000, 0x0000000082100000|  0%| F|  |TAMS 0x0000000082000000, 0x0000000082000000| Untracked 
|  15|0x0000000082100000, 0x0000000082100000, 0x0000000082200000|  0%| F|  |TAMS 0x0000000082100000, 0x0000000082100000| Untracked 
|  16|0x0000000082200000, 0x0000000082200000, 0x0000000082300000|  0%| F|  |TAMS 0x0000000082200000, 0x0000000082200000| Untracked 
|  17|0x0000000082300000, 0x0000000082300000, 0x0000000082400000|  0%| F|  |TAMS 0x0000000082300000, 0x0000000082300000| Untracked 
|  18|0x0000000082400000, 0x0000000082400000, 0x0000000082500000|  0%| F|  |TAMS 0x0000000082400000, 0x0000000082400000| Untracked 
|  19|0x0000000082500000, 0x0000000082500000, 0x0000000082600000|  0%| F|  |TAMS 0x0000000082500000, 0x0000000082500000| Untracked 
|  20|0x0000000082600000, 0x0000000082600000, 0x0000000082700000|  0%| F|  |TAMS 0x0000000082600000, 0x0000000082600000| Untracked 
|  21|0x0000000082700000, 0x0000000082700000, 0x0000000082800000|  0%| F|  |TAMS 0x0000000082700000, 0x0000000082700000| Untracked 
|  22|0x0000000082800000, 0x0000000082800000, 0x0000000082900000|  0%| F|  |TAMS 0x0000000082800000, 0x0000000082800000| Untracked 
|  23|0x0000000082900000, 0x0000000082900000, 0x0000000082a00000|  0%| F|  |TAMS 0x0000000082900000, 0x0000000082900000| Untracked 
|  24|0x0000000082a00000, 0x0000000082a00000, 0x0000000082b00000|  0%| F|  |TAMS 0x0000000082a00000, 0x0000000082a00000| Untracked 
|  25|0x0000000082b00000, 0x0000000082b00000, 0x0000000082c00000|  0%| F|  |TAMS 0x0000000082b00000, 0x0000000082b00000| Untracked 
|  26|0x0000000082c00000, 0x0000000082c00000, 0x0000000082d00000|  0%| F|  |TAMS 0x0000000082c00000, 0x0000000082c00000| Untracked 
|  27|0x0000000082d00000, 0x0000000082d00000, 0x0000000082e00000|  0%| F|  |TAMS 0x0000000082d00000, 0x0000000082d00000| Untracked 
|  28|0x0000000082e00000, 0x0000000082e00000, 0x0000000082f00000|  0%| F|  |TAMS 0x0000000082e00000, 0x0000000082e00000| Untracked 
|  29|0x0000000082f00000, 0x0000000082f00000, 0x0000000083000000|  0%| F|  |TAMS 0x0000000082f00000, 0x0000000082f00000| Untracked 
|  30|0x0000000083000000, 0x0000000083000000, 0x0000000083100000|  0%| F|  |TAMS 0x0000000083000000, 0x0000000083000000| Untracked 
|  31|0x0000000083100000, 0x0000000083100000, 0x0000000083200000|  0%| F|  |TAMS 0x0000000083100000, 0x0000000083100000| Untracked 
|  32|0x0000000083200000, 0x0000000083200000, 0x0000000083300000|  0%| F|  |TAMS 0x0000000083200000, 0x0000000083200000| Untracked 
|  33|0x0000000083300000, 0x0000000083300000, 0x0000000083400000|  0%| F|  |TAMS 0x0000000083300000, 0x0000000083300000| Untracked 
|  34|0x0000000083400000, 0x0000000083400000, 0x0000000083500000|  0%| F|  |TAMS 0x0000000083400000, 0x0000000083400000| Untracked 
|  35|0x0000000083500000, 0x0000000083500000, 0x0000000083600000|  0%| F|  |TAMS 0x0000000083500000, 0x0000000083500000| Untracked 
|  36|0x0000000083600000, 0x0000000083600000, 0x0000000083700000|  0%| F|  |TAMS 0x0000000083600000, 0x0000000083600000| Untracked 
|  37|0x0000000083700000, 0x0000000083700000, 0x0000000083800000|  0%| F|  |TAMS 0x0000000083700000, 0x0000000083700000| Untracked 
|  38|0x0000000083800000, 0x0000000083800000, 0x0000000083900000|  0%| F|  |TAMS 0x0000000083800000, 0x0000000083800000| Untracked 
|  39|0x0000000083900000, 0x0000000083900000, 0x0000000083a00000|  0%| F|  |TAMS 0x0000000083900000, 0x0000000083900000| Untracked 
|  40|0x0000000083a00000, 0x0000000083a00000, 0x0000000083b00000|  0%| F|  |TAMS 0x0000000083a00000, 0x0000000083a00000| Untracked 
|  41|0x0000000083b00000, 0x0000000083b00000, 0x0000000083c00000|  0%| F|  |TAMS 0x0000000083b00000, 0x0000000083b00000| Untracked 
|  42|0x0000000083c00000, 0x0000000083c00000, 0x0000000083d00000|  0%| F|  |TAMS 0x0000000083c00000, 0x0000000083c00000| Untracked 
|  43|0x0000000083d00000, 0x0000000083d00000, 0x0000000083e00000|  0%| F|  |TAMS 0x0000000083d00000, 0x0000000083d00000| Untracked 
|  44|0x0000000083e00000, 0x0000000083e00000, 0x0000000083f00000|  0%| F|  |TAMS 0x0000000083e00000, 0x0000000083e00000| Untracked 
|  45|0x0000000083f00000, 0x0000000083f00000, 0x0000000084000000|  0%| F|  |TAMS 0x0000000083f00000, 0x0000000083f00000| Untracked 
|  46|0x0000000084000000, 0x0000000084000000, 0x0000000084100000|  0%| F|  |TAMS 0x0000000084000000, 0x0000000084000000| Untracked 
|  47|0x0000000084100000, 0x0000000084100000, 0x0000000084200000|  0%| F|  |TAMS 0x0000000084100000, 0x0000000084100000| Untracked 
|  48|0x0000000084200000, 0x0000000084200000, 0x0000000084300000|  0%| F|  |TAMS 0x0000000084200000, 0x0000000084200000| Untracked 
|  49|0x0000000084300000, 0x0000000084300000, 0x0000000084400000|  0%| F|  |TAMS 0x0000000084300000, 0x0000000084300000| Untracked 
|  50|0x0000000084400000, 0x0000000084400000, 0x0000000084500000|  0%| F|  |TAMS 0x0000000084400000, 0x0000000084400000| Untracked 
|  51|0x0000000084500000, 0x0000000084500000, 0x0000000084600000|  0%| F|  |TAMS 0x0000000084500000, 0x0000000084500000| Untracked 
|  52|0x0000000084600000, 0x0000000084600000, 0x0000000084700000|  0%| F|  |TAMS 0x0000000084600000, 0x0000000084600000| Untracked 
|  53|0x0000000084700000, 0x0000000084700000, 0x0000000084800000|  0%| F|  |TAMS 0x0000000084700000, 0x0000000084700000| Untracked 
|  54|0x0000000084800000, 0x0000000084800000, 0x0000000084900000|  0%| F|  |TAMS 0x0000000084800000, 0x0000000084800000| Untracked 
|  55|0x0000000084900000, 0x0000000084900000, 0x0000000084a00000|  0%| F|  |TAMS 0x0000000084900000, 0x0000000084900000| Untracked 
|  56|0x0000000084a00000, 0x0000000084a00000, 0x0000000084b00000|  0%| F|  |TAMS 0x0000000084a00000, 0x0000000084a00000| Untracked 
|  57|0x0000000084b00000, 0x0000000084b00000, 0x0000000084c00000|  0%| F|  |TAMS 0x0000000084b00000, 0x0000000084b00000| Untracked 
|  58|0x0000000084c00000, 0x0000000084c00000, 0x0000000084d00000|  0%| F|  |TAMS 0x0000000084c00000, 0x0000000084c00000| Untracked 
|  59|0x0000000084d00000, 0x0000000084d00000, 0x0000000084e00000|  0%| F|  |TAMS 0x0000000084d00000, 0x0000000084d00000| Untracked 
|  60|0x0000000084e00000, 0x0000000084e00000, 0x0000000084f00000|  0%| F|  |TAMS 0x0000000084e00000, 0x0000000084e00000| Untracked 
|  61|0x0000000084f00000, 0x0000000084f00000, 0x0000000085000000|  0%| F|  |TAMS 0x0000000084f00000, 0x0000000084f00000| Untracked 
|  62|0x0000000085000000, 0x0000000085000000, 0x0000000085100000|  0%| F|  |TAMS 0x0000000085000000, 0x0000000085000000| Untracked 
|  63|0x0000000085100000, 0x0000000085100000, 0x0000000085200000|  0%| F|  |TAMS 0x0000000085100000, 0x0000000085100000| Untracked 
|  64|0x0000000085200000, 0x0000000085200000, 0x0000000085300000|  0%| F|  |TAMS 0x0000000085200000, 0x0000000085200000| Untracked 
|  65|0x0000000085300000, 0x0000000085300000, 0x0000000085400000|  0%| F|  |TAMS 0x0000000085300000, 0x0000000085300000| Untracked 
|  66|0x0000000085400000, 0x0000000085400000, 0x0000000085500000|  0%| F|  |TAMS 0x0000000085400000, 0x0000000085400000| Untracked 
|  67|0x0000000085500000, 0x0000000085500000, 0x0000000085600000|  0%| F|  |TAMS 0x0000000085500000, 0x0000000085500000| Untracked 
|  68|0x0000000085600000, 0x0000000085600000, 0x0000000085700000|  0%| F|  |TAMS 0x0000000085600000, 0x0000000085600000| Untracked 
|  69|0x0000000085700000, 0x0000000085700000, 0x0000000085800000|  0%| F|  |TAMS 0x0000000085700000, 0x0000000085700000| Untracked 
|  70|0x0000000085800000, 0x0000000085800000, 0x0000000085900000|  0%| F|  |TAMS 0x0000000085800000, 0x0000000085800000| Untracked 
|  71|0x0000000085900000, 0x0000000085900000, 0x0000000085a00000|  0%| F|  |TAMS 0x0000000085900000, 0x0000000085900000| Untracked 
|  72|0x0000000085a00000, 0x0000000085a00000, 0x0000000085b00000|  0%| F|  |TAMS 0x0000000085a00000, 0x0000000085a00000| Untracked 
|  73|0x0000000085b00000, 0x0000000085b00000, 0x0000000085c00000|  0%| F|  |TAMS 0x0000000085b00000, 0x0000000085b00000| Untracked 
|  74|0x0000000085c00000, 0x0000000085c00000, 0x0000000085d00000|  0%| F|  |TAMS 0x0000000085c00000, 0x0000000085c00000| Untracked 
|  75|0x0000000085d00000, 0x0000000085d00000, 0x0000000085e00000|  0%| F|  |TAMS 0x0000000085d00000, 0x0000000085d00000| Untracked 
|  76|0x0000000085e00000, 0x0000000085e00000, 0x0000000085f00000|  0%| F|  |TAMS 0x0000000085e00000, 0x0000000085e00000| Untracked 
|  77|0x0000000085f00000, 0x0000000085f00000, 0x0000000086000000|  0%| F|  |TAMS 0x0000000085f00000, 0x0000000085f00000| Untracked 
|  78|0x0000000086000000, 0x0000000086000000, 0x0000000086100000|  0%| F|  |TAMS 0x0000000086000000, 0x0000000086000000| Untracked 
|  79|0x0000000086100000, 0x0000000086100000, 0x0000000086200000|  0%| F|  |TAMS 0x0000000086100000, 0x0000000086100000| Untracked 
|  80|0x0000000086200000, 0x0000000086200000, 0x0000000086300000|  0%| F|  |TAMS 0x0000000086200000, 0x0000000086200000| Untracked 
|  81|0x0000000086300000, 0x0000000086300000, 0x0000000086400000|  0%| F|  |TAMS 0x0000000086300000, 0x0000000086300000| Untracked 
|  82|0x0000000086400000, 0x0000000086400000, 0x0000000086500000|  0%| F|  |TAMS 0x0000000086400000, 0x0000000086400000| Untracked 
|  83|0x0000000086500000, 0x0000000086500000, 0x0000000086600000|  0%| F|  |TAMS 0x0000000086500000, 0x0000000086500000| Untracked 
|  84|0x0000000086600000, 0x0000000086600000, 0x0000000086700000|  0%| F|  |TAMS 0x0000000086600000, 0x0000000086600000| Untracked 
|  85|0x0000000086700000, 0x0000000086700000, 0x0000000086800000|  0%| F|  |TAMS 0x0000000086700000, 0x0000000086700000| Untracked 
|  86|0x0000000086800000, 0x0000000086800000, 0x0000000086900000|  0%| F|  |TAMS 0x0000000086800000, 0x0000000086800000| Untracked 
|  87|0x0000000086900000, 0x0000000086900000, 0x0000000086a00000|  0%| F|  |TAMS 0x0000000086900000, 0x0000000086900000| Untracked 
|  88|0x0000000086a00000, 0x0000000086a00000, 0x0000000086b00000|  0%| F|  |TAMS 0x0000000086a00000, 0x0000000086a00000| Untracked 
|  89|0x0000000086b00000, 0x0000000086b00000, 0x0000000086c00000|  0%| F|  |TAMS 0x0000000086b00000, 0x0000000086b00000| Untracked 
|  90|0x0000000086c00000, 0x0000000086c00000, 0x0000000086d00000|  0%| F|  |TAMS 0x0000000086c00000, 0x0000000086c00000| Untracked 
|  91|0x0000000086d00000, 0x0000000086d00000, 0x0000000086e00000|  0%| F|  |TAMS 0x0000000086d00000, 0x0000000086d00000| Untracked 
|  92|0x0000000086e00000, 0x0000000086e00000, 0x0000000086f00000|  0%| F|  |TAMS 0x0000000086e00000, 0x0000000086e00000| Untracked 
|  93|0x0000000086f00000, 0x0000000086f00000, 0x0000000087000000|  0%| F|  |TAMS 0x0000000086f00000, 0x0000000086f00000| Untracked 
|  94|0x0000000087000000, 0x0000000087000000, 0x0000000087100000|  0%| F|  |TAMS 0x0000000087000000, 0x0000000087000000| Untracked 
|  95|0x0000000087100000, 0x0000000087100000, 0x0000000087200000|  0%| F|  |TAMS 0x0000000087100000, 0x0000000087100000| Untracked 
|  96|0x0000000087200000, 0x0000000087200000, 0x0000000087300000|  0%| F|  |TAMS 0x0000000087200000, 0x0000000087200000| Untracked 
|  97|0x0000000087300000, 0x0000000087300000, 0x0000000087400000|  0%| F|  |TAMS 0x0000000087300000, 0x0000000087300000| Untracked 
|  98|0x0000000087400000, 0x0000000087400000, 0x0000000087500000|  0%| F|  |TAMS 0x0000000087400000, 0x0000000087400000| Untracked 
|  99|0x0000000087500000, 0x0000000087500000, 0x0000000087600000|  0%| F|  |TAMS 0x0000000087500000, 0x0000000087500000| Untracked 
| 100|0x0000000087600000, 0x0000000087600000, 0x0000000087700000|  0%| F|  |TAMS 0x0000000087600000, 0x0000000087600000| Untracked 
| 101|0x0000000087700000, 0x0000000087700000, 0x0000000087800000|  0%| F|  |TAMS 0x0000000087700000, 0x0000000087700000| Untracked 
| 102|0x0000000087800000, 0x0000000087800000, 0x0000000087900000|  0%| F|  |TAMS 0x0000000087800000, 0x0000000087800000| Untracked 
| 103|0x0000000087900000, 0x0000000087900000, 0x0000000087a00000|  0%| F|  |TAMS 0x0000000087900000, 0x0000000087900000| Untracked 
| 104|0x0000000087a00000, 0x0000000087a00000, 0x0000000087b00000|  0%| F|  |TAMS 0x0000000087a00000, 0x0000000087a00000| Untracked 
| 105|0x0000000087b00000, 0x0000000087b00000, 0x0000000087c00000|  0%| F|  |TAMS 0x0000000087b00000, 0x0000000087b00000| Untracked 
| 106|0x0000000087c00000, 0x0000000087c00000, 0x0000000087d00000|  0%| F|  |TAMS 0x0000000087c00000, 0x0000000087c00000| Untracked 
| 107|0x0000000087d00000, 0x0000000087d76438, 0x0000000087e00000| 46%| E|  |TAMS 0x0000000087d00000, 0x0000000087d00000| Complete 
| 108|0x0000000087e00000, 0x0000000087f00000, 0x0000000087f00000|100%| E|CS|TAMS 0x0000000087e00000, 0x0000000087e00000| Complete 
| 109|0x0000000087f00000, 0x0000000088000000, 0x0000000088000000|100%| E|CS|TAMS 0x0000000087f00000, 0x0000000087f00000| Complete 
| 110|0x0000000088000000, 0x0000000088100000, 0x0000000088100000|100%| E|CS|TAMS 0x0000000088000000, 0x0000000088000000| Complete 
| 111|0x0000000088100000, 0x0000000088200000, 0x0000000088200000|100%| E|CS|TAMS 0x0000000088100000, 0x0000000088100000| Complete 
| 112|0x0000000088200000, 0x0000000088300000, 0x0000000088300000|100%| E|CS|TAMS 0x0000000088200000, 0x0000000088200000| Complete 
| 113|0x0000000088300000, 0x0000000088400000, 0x0000000088400000|100%| E|CS|TAMS 0x0000000088300000, 0x0000000088300000| Complete 
| 114|0x0000000088400000, 0x0000000088500000, 0x0000000088500000|100%| E|CS|TAMS 0x0000000088400000, 0x0000000088400000| Complete 
| 115|0x0000000088500000, 0x0000000088600000, 0x0000000088600000|100%| E|CS|TAMS 0x0000000088500000, 0x0000000088500000| Complete 
| 116|0x0000000088600000, 0x0000000088700000, 0x0000000088700000|100%| E|CS|TAMS 0x0000000088600000, 0x0000000088600000| Complete 
| 117|0x0000000088700000, 0x0000000088800000, 0x0000000088800000|100%| E|CS|TAMS 0x0000000088700000, 0x0000000088700000| Complete 
| 118|0x0000000088800000, 0x0000000088900000, 0x0000000088900000|100%| E|CS|TAMS 0x0000000088800000, 0x0000000088800000| Complete 
| 119|0x0000000088900000, 0x0000000088a00000, 0x0000000088a00000|100%| E|CS|TAMS 0x0000000088900000, 0x0000000088900000| Complete 
| 120|0x0000000088a00000, 0x0000000088b00000, 0x0000000088b00000|100%| E|CS|TAMS 0x0000000088a00000, 0x0000000088a00000| Complete 
| 121|0x0000000088b00000, 0x0000000088c00000, 0x0000000088c00000|100%| E|CS|TAMS 0x0000000088b00000, 0x0000000088b00000| Complete 
| 122|0x0000000088c00000, 0x0000000088d00000, 0x0000000088d00000|100%| E|CS|TAMS 0x0000000088c00000, 0x0000000088c00000| Complete 
| 123|0x0000000088d00000, 0x0000000088e00000, 0x0000000088e00000|100%| E|CS|TAMS 0x0000000088d00000, 0x0000000088d00000| Complete 
| 124|0x0000000088e00000, 0x0000000088f00000, 0x0000000088f00000|100%| E|CS|TAMS 0x0000000088e00000, 0x0000000088e00000| Complete 
| 125|0x0000000088f00000, 0x0000000089000000, 0x0000000089000000|100%| E|CS|TAMS 0x0000000088f00000, 0x0000000088f00000| Complete 
| 126|0x0000000089000000, 0x0000000089100000, 0x0000000089100000|100%| E|CS|TAMS 0x0000000089000000, 0x0000000089000000| Complete 
| 127|0x0000000089100000, 0x0000000089200000, 0x0000000089200000|100%| E|CS|TAMS 0x0000000089100000, 0x0000000089100000| Complete 

Card table byte_map: [0x0000022cf3ba0000,0x0000022cf3fa0000] _byte_map_base: 0x0000022cf3797000

Marking Bits (Prev, Next): (CMBitMap*) 0x0000022cda354c50, (CMBitMap*) 0x0000022cda354c90
 Prev Bits: [0x0000022cf43a0000, 0x0000022cf6358000)
 Next Bits: [0x0000022cf6360000, 0x0000022cf8318000)

Polling page: 0x0000022cda3f0000

Metaspace:

Usage:
  Non-class:      7.39 MB capacity,     7.25 MB ( 98%) used,   131.42 KB (  2%) free+waste,    10.94 KB ( <1%) overhead. 
      Class:    962.00 KB capacity,   885.16 KB ( 92%) used,    72.09 KB (  7%) free+waste,     4.75 KB ( <1%) overhead. 
       Both:      8.33 MB capacity,     8.11 MB ( 97%) used,   203.51 KB (  2%) free+waste,    15.69 KB ( <1%) overhead. 

Virtual space:
  Non-class space:        8.00 MB reserved,       7.50 MB ( 94%) committed 
      Class space:        1.00 GB reserved,       1.00 MB ( <1%) committed 
             Both:        1.01 GB reserved,       8.50 MB ( <1%) committed 

Chunk freelists:
   Non-Class:  52.00 KB
       Class:  30.00 KB
        Both:  82.00 KB

MaxMetaspaceSize: 17179869184.00 GB
CompressedClassSpaceSize: 1.00 GB

CodeHeap 'non-profiled nmethods': size=120000Kb used=506Kb max_used=506Kb free=119493Kb
 bounds [0x0000022ceb810000, 0x0000022ceba80000, 0x0000022cf2d40000]
CodeHeap 'profiled nmethods': size=120000Kb used=2666Kb max_used=2666Kb free=117333Kb
 bounds [0x0000022ce42e0000, 0x0000022ce4580000, 0x0000022ceb810000]
CodeHeap 'non-nmethods': size=5760Kb used=1271Kb max_used=1294Kb free=4488Kb
 bounds [0x0000022ce3d40000, 0x0000022ce3fb0000, 0x0000022ce42e0000]
 total_blobs=2036 nmethods=1478 adapters=470
 compilation: enabled
              stopped_count=0, restarted_count=0
 full_count=0

Compilation events (20 events):
Event: 3849.126 Thread 0x0000022cfae17020 nmethod 1469% 0x0000022ce4574410 code [0x0000022ce4574860, 0x0000022ce45770a8]
Event: 5601.679 Thread 0x0000022cfadf6a80 1470 % !   4       sun.java2d.d3d.D3DScreenUpdateManager::run @ 0 (267 bytes)
Event: 5601.687 Thread 0x0000022cfadf6a80 nmethod 1470% 0x0000022ceb88ad90 code [0x0000022ceb88af80, 0x0000022ceb88bdb8]
Event: 5658.463 Thread 0x0000022cfadf6a80 1471 % !   4       sun.java2d.d3d.D3DScreenUpdateManager::run @ 105 (267 bytes)
Event: 5658.473 Thread 0x0000022cfadf6a80 nmethod 1471% 0x0000022ceb88c510 code [0x0000022ceb88c720, 0x0000022ceb88d798]
Event: 7681.172 Thread 0x0000022cfae17020 1473       3       java.lang.ref.ReferenceQueue::reallyPoll (65 bytes)
Event: 7681.173 Thread 0x0000022cfae17020 nmethod 1473 0x0000022ce4578090 code [0x0000022ce4578260, 0x0000022ce4578778]
Event: 15182.144 Thread 0x0000022cfae17020 1474   !   3       java.lang.ref.ReferenceQueue::remove (125 bytes)
Event: 15182.145 Thread 0x0000022cfae17020 nmethod 1474 0x0000022ce4578890 code [0x0000022ce4578aa0, 0x0000022ce45791f8]
Event: 15302.158 Thread 0x0000022cfae17020 1475   !   3       jdk.internal.ref.PhantomCleanable::isListEmpty (34 bytes)
Event: 15302.159 Thread 0x0000022cfae17020 nmethod 1475 0x0000022ce4579510 code [0x0000022ce45796c0, 0x0000022ce45798f8]
Event: 15302.159 Thread 0x0000022cfae17020 1476       3       jdk.internal.misc.InnocuousThread::eraseThreadLocals (23 bytes)
Event: 15302.159 Thread 0x0000022cfae17020 nmethod 1476 0x0000022ce4579a10 code [0x0000022ce4579ba0, 0x0000022ce4579d78]
Event: 81537.108 Thread 0x0000022cfadf6a80 1477       4       java.util.HashMap::put (13 bytes)
Event: 81537.112 Thread 0x0000022cfadf6a80 nmethod 1477 0x0000022ceb88e390 code [0x0000022ceb88e520, 0x0000022ceb88e648]
Event: 81537.134 Thread 0x0000022cfae17020 1478       3       java.beans.PropertyChangeSupport::firePropertyChange (35 bytes)
Event: 81537.134 Thread 0x0000022cfadf6a80 1479       4       java.util.HashMap::afterNodeAccess (1 bytes)
Event: 81537.135 Thread 0x0000022cfadf6a80 nmethod 1479 0x0000022ceb88e710 code [0x0000022ceb88e880, 0x0000022ceb88e8d8]
Event: 81537.135 Thread 0x0000022cfae17020 nmethod 1478 0x0000022ce4579e10 code [0x0000022ce457a020, 0x0000022ce457a7c8]
Event: 83932.547 Thread 0x0000022cfadf6a80 1480       4       jdk.internal.org.objectweb.asm.SymbolTable::put (150 bytes)

GC Heap History (0 events):
No events

Deoptimization events (20 events):
Event: 5601.679 Thread 0x0000022cfc67e3a0 DEOPT PACKING pc=0x0000022ce456f668 sp=0x00000036e32ff2a0
Event: 5601.679 Thread 0x0000022cfc67e3a0 DEOPT UNPACKING pc=0x0000022ce3d8e23f sp=0x00000036e32fe830 mode 0
Event: 6054.956 Thread 0x0000022cfc67e3a0 DEOPT PACKING pc=0x0000022ce4576ddc sp=0x00000036e32ff290
Event: 6054.956 Thread 0x0000022cfc67e3a0 DEOPT UNPACKING pc=0x0000022ce3d8e23f sp=0x00000036e32fe830 mode 0
Event: 81537.133 Thread 0x0000022cfc65a9a0 Uncommon trap: trap_request=0xffffffde fr.pc=0x0000022ceb87f454 relative=0x0000000000000ab4
Event: 81537.133 Thread 0x0000022cfc65a9a0 Uncommon trap: reason=class_check action=maybe_recompile pc=0x0000022ceb87f454 method=java.util.HashMap.putVal(ILjava/lang/Object;Ljava/lang/Object;ZZ)Ljava/lang/Object; @ 203 c2
Event: 81537.133 Thread 0x0000022cfc65a9a0 DEOPT PACKING pc=0x0000022ceb87f454 sp=0x00000036e31fec20
Event: 81537.133 Thread 0x0000022cfc65a9a0 DEOPT UNPACKING pc=0x0000022ce3d8e42f sp=0x00000036e31febc0 mode 2
Event: 81537.133 Thread 0x0000022cfc65a9a0 Uncommon trap: trap_request=0xffffffde fr.pc=0x0000022ceb87f454 relative=0x0000000000000ab4
Event: 81537.133 Thread 0x0000022cfc65a9a0 Uncommon trap: reason=class_check action=maybe_recompile pc=0x0000022ceb87f454 method=java.util.HashMap.putVal(ILjava/lang/Object;Ljava/lang/Object;ZZ)Ljava/lang/Object; @ 203 c2
Event: 81537.133 Thread 0x0000022cfc65a9a0 DEOPT PACKING pc=0x0000022ceb87f454 sp=0x00000036e31fec20
Event: 81537.133 Thread 0x0000022cfc65a9a0 DEOPT UNPACKING pc=0x0000022ce3d8e42f sp=0x00000036e31febc0 mode 2
Event: 81537.133 Thread 0x0000022cfc65a9a0 Uncommon trap: trap_request=0xffffffde fr.pc=0x0000022ceb87f454 relative=0x0000000000000ab4
Event: 81537.133 Thread 0x0000022cfc65a9a0 Uncommon trap: reason=class_check action=maybe_recompile pc=0x0000022ceb87f454 method=java.util.HashMap.putVal(ILjava/lang/Object;Ljava/lang/Object;ZZ)Ljava/lang/Object; @ 203 c2
Event: 81537.133 Thread 0x0000022cfc65a9a0 DEOPT PACKING pc=0x0000022ceb87f454 sp=0x00000036e31fec20
Event: 81537.133 Thread 0x0000022cfc65a9a0 DEOPT UNPACKING pc=0x0000022ce3d8e42f sp=0x00000036e31febc0 mode 2
Event: 81537.134 Thread 0x0000022cfc65a9a0 Uncommon trap: trap_request=0xffffffde fr.pc=0x0000022ceb87f454 relative=0x0000000000000ab4
Event: 81537.134 Thread 0x0000022cfc65a9a0 Uncommon trap: reason=class_check action=maybe_recompile pc=0x0000022ceb87f454 method=java.util.HashMap.putVal(ILjava/lang/Object;Ljava/lang/Object;ZZ)Ljava/lang/Object; @ 203 c2
Event: 81537.134 Thread 0x0000022cfc65a9a0 DEOPT PACKING pc=0x0000022ceb87f454 sp=0x00000036e31fec20
Event: 81537.134 Thread 0x0000022cfc65a9a0 DEOPT UNPACKING pc=0x0000022ce3d8e42f sp=0x00000036e31febc0 mode 2

Classes unloaded (0 events):
No events

Classes redefined (0 events):
No events

Internal exceptions (14 events):
Event: 0.095 Thread 0x0000022cda319c40 Exception <a 'java/lang/NoSuchMethodError'{0x00000000891e9440}: 'void java.lang.invoke.DirectMethodHandle$Holder.invokeSpecial(java.lang.Object, java.lang.Object, java.lang.Object)'> (0x00000000891e9440) 
thrown [./open/src/hotspot/share/interpreter/linkResolver.cpp, line 782]
Event: 0.131 Thread 0x0000022cda319c40 Exception <a 'java/lang/ClassNotFoundException'{0x00000000890e0fe0}: sun/awt/resources/spi/awtProvider> (0x00000000890e0fe0) 
thrown [./open/src/hotspot/share/classfile/systemDictionary.cpp, line 295]
Event: 0.149 Thread 0x0000022cda319c40 Exception <a 'java/io/FileNotFoundException'{0x0000000088f3e6b0}> (0x0000000088f3e6b0) 
thrown [./open/src/hotspot/share/prims/jni.cpp, line 578]
Event: 0.154 Thread 0x0000022cda319c40 Exception <a 'java/io/FileNotFoundException'{0x0000000088f6d068}> (0x0000000088f6d068) 
thrown [./open/src/hotspot/share/prims/jni.cpp, line 578]
Event: 0.154 Thread 0x0000022cda319c40 Exception <a 'java/lang/NoSuchMethodError'{0x0000000088f6e368}: 'java.lang.Object java.lang.invoke.DirectMethodHandle$Holder.invokeStatic(java.lang.Object)'> (0x0000000088f6e368) 
thrown [./open/src/hotspot/share/interpreter/linkResolver.cpp, line 782]
Event: 0.178 Thread 0x0000022cda319c40 Exception <a 'java/lang/NoSuchMethodError'{0x0000000088fb8258}: 'java.lang.Object java.lang.invoke.DirectMethodHandle$Holder.invokeStaticInit(java.lang.Object)'> (0x0000000088fb8258) 
thrown [./open/src/hotspot/share/interpreter/linkResolver.cpp, line 782]
Event: 0.326 Thread 0x0000022cda319c40 Exception <a 'java/lang/NoSuchMethodError'{0x0000000088e3f2c8}: 'java.lang.Object java.lang.invoke.DirectMethodHandle$Holder.newInvokeSpecial(java.lang.Object, java.lang.Object, java.lang.Object, java.lang.Object, java.lang.Object)'> (0x0000000088e3f2c8) 
thrown [./open/src/hotspot/share/interpreter/linkResolver.cpp, line 782]
Event: 0.327 Thread 0x0000022cda319c40 Exception <a 'java/lang/NoSuchMethodError'{0x0000000088e4ad58}: 'java.lang.Object java.lang.invoke.DirectMethodHandle$Holder.invokeStatic(java.lang.Object, int, java.lang.Object, java.lang.Object, java.lang.Object, java.lang.Object)'> (0x0000000088e4ad58) 
thrown [./open/src/hotspot/share/interpreter/linkResolver.cpp, line 782]
Event: 0.330 Thread 0x0000022cda319c40 Exception <a 'java/lang/NoSuchMethodError'{0x0000000088e71000}: 'java.lang.Object java.lang.invoke.DirectMethodHandle$Holder.invokeStatic(java.lang.Object, int, java.lang.Object)'> (0x0000000088e71000) 
thrown [./open/src/hotspot/share/interpreter/linkResolver.cpp, line 782]
Event: 0.346 Thread 0x0000022cda319c40 Exception <a 'java/lang/ClassNotFoundException'{0x0000000088d299b0}: com/sun/swing/internal/plaf/metal/resources/spi/metalProvider> (0x0000000088d299b0) 
thrown [./open/src/hotspot/share/classfile/systemDictionary.cpp, line 295]
Event: 0.346 Thread 0x0000022cda319c40 Exception <a 'java/lang/ClassNotFoundException'{0x0000000088d2f868}: com/sun/swing/internal/plaf/basic/resources/spi/basicProvider> (0x0000000088d2f868) 
thrown [./open/src/hotspot/share/classfile/systemDictionary.cpp, line 295]
Event: 0.387 Thread 0x0000022cda319c40 Implicit null exception at 0x0000022ceb83d074 to 0x0000022ceb83d13c
Event: 0.416 Thread 0x0000022cda319c40 Exception <a 'java/lang/NoSuchMethodError'{0x0000000088c3f3e8}: 'void java.lang.invoke.DirectMethodHandle$Holder.invokeStaticInit(java.lang.Object)'> (0x0000000088c3f3e8) 
thrown [./open/src/hotspot/share/interpreter/linkResolver.cpp, line 782]
Event: 0.428 Thread 0x0000022cda319c40 Exception <a 'java/io/FileNotFoundException'{0x0000000088c4b948}> (0x0000000088c4b948) 
thrown [./open/src/hotspot/share/prims/jni.cpp, line 578]

Events (20 events):
Event: 2.521 loading class java/lang/Throwable$PrintStreamOrWriter
Event: 2.521 loading class java/lang/Throwable$PrintStreamOrWriter done
Event: 2.521 loading class java/lang/Throwable$WrappedPrintStream done
Event: 2.521 loading class java/lang/StackTraceElement$HashedModules
Event: 2.522 loading class java/lang/StackTraceElement$HashedModules done
Event: 2.875 Executing VM operation: HandshakeAllThreads
Event: 2.875 Executing VM operation: HandshakeAllThreads done
Event: 3.249 loading class java/awt/LightweightDispatcher$2
Event: 3.249 loading class java/awt/LightweightDispatcher$2 done
Event: 3.876 Executing VM operation: HandshakeAllThreads
Event: 3.876 Executing VM operation: HandshakeAllThreads done
Event: 3.910 loading class java/awt/KeyboardFocusManager$2
Event: 3.910 loading class java/awt/KeyboardFocusManager$2 done
Event: 3.910 loading class sun/awt/SunToolkit$1
Event: 3.910 loading class sun/awt/SunToolkit$1 done
Event: 6781.059 Loaded shared library C:\Program Files\Java\jdk-15\bin\java.dll
Event: 17812.215 loading class java/awt/desktop/SystemSleepListener
Event: 17812.215 loading class java/awt/desktop/SystemEventListener
Event: 17812.216 loading class java/awt/desktop/SystemEventListener done
Event: 17812.216 loading class java/awt/desktop/SystemSleepListener done


Dynamic libraries:
0x00007ff7cc330000 - 0x00007ff7cc33f000 	C:\Program Files\Java\jdk-15\bin\javaw.exe
0x00007ffe10070000 - 0x00007ffe10265000 	C:\WINDOWS\SYSTEM32\ntdll.dll
0x00007ffe0f9a0000 - 0x00007ffe0fa5d000 	C:\WINDOWS\System32\KERNEL32.DLL
0x00007ffe0dc10000 - 0x00007ffe0ded8000 	C:\WINDOWS\System32\KERNELBASE.dll
0x00007ffe0db10000 - 0x00007ffe0dc10000 	C:\WINDOWS\System32\ucrtbase.dll
0x00007ffe009a0000 - 0x00007ffe009b9000 	C:\Program Files\Java\jdk-15\bin\VCRUNTIME140.dll
0x00007ffdff3f0000 - 0x00007ffdff408000 	C:\Program Files\Java\jdk-15\bin\jli.dll
0x00007ffe0e4f0000 - 0x00007ffe0e59c000 	C:\WINDOWS\System32\ADVAPI32.dll
0x00007ffe0e5a0000 - 0x00007ffe0e63e000 	C:\WINDOWS\System32\msvcrt.dll
0x00007ffe0fed0000 - 0x00007ffe0ff6b000 	C:\WINDOWS\System32\sechost.dll
0x00007ffe0f3f0000 - 0x00007ffe0f51b000 	C:\WINDOWS\System32\RPCRT4.dll
0x00007ffe0f0d0000 - 0x00007ffe0f270000 	C:\WINDOWS\System32\USER32.dll
0x00007ffe0dff0000 - 0x00007ffe0e012000 	C:\WINDOWS\System32\win32u.dll
0x00007ffe0e870000 - 0x00007ffe0e89a000 	C:\WINDOWS\System32\GDI32.dll
0x00007ffe0dee0000 - 0x00007ffe0dfeb000 	C:\WINDOWS\System32\gdi32full.dll
0x00007ffe0d800000 - 0x00007ffe0d89d000 	C:\WINDOWS\System32\msvcp_win.dll
0x00007ffdf8d00000 - 0x00007ffdf8f9a000 	C:\WINDOWS\WinSxS\amd64_microsoft.windows.common-controls_6595b64144ccf1df_6.0.19041.844_none_ca00b6081b84eb1d\COMCTL32.dll
0x00007ffe066b0000 - 0x00007ffe066ba000 	C:\WINDOWS\SYSTEM32\VERSION.dll
0x00007ffe0e820000 - 0x00007ffe0e850000 	C:\WINDOWS\System32\IMM32.DLL
0x00007ffe00c30000 - 0x00007ffe00c3c000 	C:\Program Files\Java\jdk-15\bin\vcruntime140_1.dll
0x00007ffdf9df0000 - 0x00007ffdf9e81000 	C:\Program Files\Java\jdk-15\bin\msvcp140.dll
0x00007ffdca630000 - 0x00007ffdcb18c000 	C:\Program Files\Java\jdk-15\bin\server\jvm.dll
0x00007ffe0e850000 - 0x00007ffe0e858000 	C:\WINDOWS\System32\PSAPI.DLL
0x00007ffe04a70000 - 0x00007ffe04a97000 	C:\WINDOWS\SYSTEM32\WINMM.dll
0x00007ffe070e0000 - 0x00007ffe070e9000 	C:\WINDOWS\SYSTEM32\WSOCK32.dll
0x00007ffe0f930000 - 0x00007ffe0f99b000 	C:\WINDOWS\System32\WS2_32.dll
0x00007ffe0c0d0000 - 0x00007ffe0c0e2000 	C:\WINDOWS\SYSTEM32\kernel.appcore.dll
0x00007ffe04d80000 - 0x00007ffe04d8a000 	C:\Program Files\Java\jdk-15\bin\jimage.dll
0x00007ffe0b600000 - 0x00007ffe0b7e4000 	C:\WINDOWS\SYSTEM32\DBGHELP.DLL
0x00007ffe02f90000 - 0x00007ffe02fbc000 	C:\WINDOWS\SYSTEM32\dbgcore.DLL
0x00007ffe0d8a0000 - 0x00007ffe0d920000 	C:\WINDOWS\System32\bcryptPrimitives.dll
0x00007ffe00f50000 - 0x00007ffe00f75000 	C:\Program Files\Java\jdk-15\bin\java.dll
0x00007ffe0e980000 - 0x00007ffe0f0c2000 	C:\WINDOWS\System32\SHELL32.dll
0x00007ffe0b8e0000 - 0x00007ffe0c070000 	C:\WINDOWS\SYSTEM32\windows.storage.dll
0x00007ffe0e130000 - 0x00007ffe0e485000 	C:\WINDOWS\System32\combase.dll
0x00007ffe0d220000 - 0x00007ffe0d24c000 	C:\WINDOWS\SYSTEM32\Wldp.dll
0x00007ffe0f880000 - 0x00007ffe0f92e000 	C:\WINDOWS\System32\SHCORE.dll
0x00007ffe0ff70000 - 0x00007ffe0ffc5000 	C:\WINDOWS\System32\shlwapi.dll
0x00007ffe0d6f0000 - 0x00007ffe0d70f000 	C:\WINDOWS\SYSTEM32\profapi.dll
0x00007ffe01b60000 - 0x00007ffe01b79000 	C:\Program Files\Java\jdk-15\bin\net.dll
0x00007ffe01eb0000 - 0x00007ffe01fbb000 	C:\WINDOWS\SYSTEM32\WINHTTP.dll
0x00007ffe0cf20000 - 0x00007ffe0cf8a000 	C:\WINDOWS\system32\mswsock.dll
0x00007ffe00ea0000 - 0x00007ffe00eb2000 	C:\Program Files\Java\jdk-15\bin\nio.dll
0x00007ffe00d40000 - 0x00007ffe00d58000 	C:\Program Files\Java\jdk-15\bin\zip.dll
0x00007ffdf3270000 - 0x00007ffdf33f0000 	C:\Program Files\Java\jdk-15\bin\awt.dll
0x00007ffe0f270000 - 0x00007ffe0f33d000 	C:\WINDOWS\System32\OLEAUT32.dll
0x00007ffe0adf0000 - 0x00007ffe0ae80000 	C:\WINDOWS\SYSTEM32\apphelp.dll
0x00007ffe0b180000 - 0x00007ffe0b1af000 	C:\WINDOWS\system32\DWMAPI.DLL
0x00007ffe0aea0000 - 0x00007ffe0af3e000 	C:\WINDOWS\system32\uxtheme.dll
0x00007ffdf4dd0000 - 0x00007ffdf4ef6000 	C:\WINDOWS\system32\opengl32.dll
0x00007ffdff3c0000 - 0x00007ffdff3ec000 	C:\WINDOWS\SYSTEM32\GLU32.dll
0x00007ffe0f630000 - 0x00007ffe0f745000 	C:\WINDOWS\System32\MSCTF.dll
0x00007ffe0f750000 - 0x00007ffe0f87a000 	C:\WINDOWS\System32\ole32.dll
0x00007ffdfee80000 - 0x00007ffdff04e000 	C:\WINDOWS\system32\d3d9.dll
0x00007ffe02b60000 - 0x00007ffe02c4f000 	C:\WINDOWS\System32\DriverStore\FileRepository\nvlt.inf_amd64_c8af195ee1543133\nvldumdx.dll
0x00007ffe0d920000 - 0x00007ffe0da7f000 	C:\WINDOWS\System32\crypt32.dll
0x00007ffe04c80000 - 0x00007ffe04cb1000 	C:\WINDOWS\SYSTEM32\cryptnet.dll
0x00007ffe0d0f0000 - 0x00007ffe0d0fc000 	C:\WINDOWS\SYSTEM32\cryptbase.dll
0x00007ffe0dab0000 - 0x00007ffe0db10000 	C:\WINDOWS\System32\WINTRUST.DLL
0x00007ffe0d3a0000 - 0x00007ffe0d3b2000 	C:\WINDOWS\SYSTEM32\MSASN1.dll
0x00007ffe0e800000 - 0x00007ffe0e81d000 	C:\WINDOWS\System32\imagehlp.dll
0x00007ffe0d100000 - 0x00007ffe0d118000 	C:\WINDOWS\SYSTEM32\CRYPTSP.dll
0x00007ffe0c860000 - 0x00007ffe0c894000 	C:\WINDOWS\system32\rsaenh.dll
0x00007ffe0da80000 - 0x00007ffe0daa7000 	C:\WINDOWS\System32\bcrypt.dll
0x00007ffdbc800000 - 0x00007ffdbdd07000 	C:\WINDOWS\System32\DriverStore\FileRepository\nvlt.inf_amd64_c8af195ee1543133\nvd3dumx.dll
0x00007ffe0d170000 - 0x00007ffe0d1bb000 	C:\WINDOWS\SYSTEM32\powrprof.dll
0x00007ffe0d150000 - 0x00007ffe0d162000 	C:\WINDOWS\SYSTEM32\UMPDC.dll
0x00007ffde79c0000 - 0x00007ffde7c81000 	C:\WINDOWS\system32\nvspcap64.dll
0x00007ffe0c4f0000 - 0x00007ffe0c523000 	C:\WINDOWS\SYSTEM32\ntmarta.dll
0x00007ffe0c080000 - 0x00007ffe0c0a3000 	C:\WINDOWS\SYSTEM32\gpapi.dll
0x00007ffe03540000 - 0x00007ffe0357b000 	C:\WINDOWS\SYSTEM32\dxcore.dll
0x00007ffe0d7b0000 - 0x00007ffe0d7fe000 	C:\WINDOWS\System32\cfgmgr32.dll
0x00007ffdf7b20000 - 0x00007ffdf7ba5000 	C:\Program Files\Java\jdk-15\bin\freetype.dll
0x00007ffdf6fc0000 - 0x00007ffdf7069000 	C:\Program Files\Java\jdk-15\bin\fontmanager.dll
0x00007ffdf8a40000 - 0x00007ffdf8b39000 	C:\WINDOWS\SYSTEM32\textinputframework.dll
0x00007ffe0aae0000 - 0x00007ffe0abd2000 	C:\WINDOWS\System32\CoreMessaging.dll
0x00007ffe0a780000 - 0x00007ffe0aade000 	C:\WINDOWS\System32\CoreUIComponents.dll
0x00007ffe09f70000 - 0x00007ffe0a0c4000 	C:\WINDOWS\SYSTEM32\wintypes.dll

dbghelp: loaded successfully - version: 4.0.5 - missing functions: none
symbol engine: initialized successfully - sym options: 0x614 - pdb path: .;C:\Program Files\Java\jdk-15\bin;C:\WINDOWS\SYSTEM32;C:\WINDOWS\WinSxS\amd64_microsoft.windows.common-controls_6595b64144ccf1df_6.0.19041.844_none_ca00b6081b84eb1d;C:\Program Files\Java\jdk-15\bin\server;C:\WINDOWS\System32\DriverStore\FileRepository\nvlt.inf_amd64_c8af195ee1543133

VM Arguments:
jvm_args: -Dfile.encoding=GBK -XX:+ShowCodeDetailsInExceptionMessages 
java_command: game_life_self.start_frame
java_class_path (initial): C:\Users\tangdonghui\eclipse-workspace\shengming.java\bin;C:\Users\tangdonghui\.p2\pool\plugins\org.junit.jupiter.api_5.7.1.v20210222-1948.jar;C:\Users\tangdonghui\.p2\pool\plugins\org.junit.jupiter.engine_5.7.1.v20210222-1948.jar;C:\Users\tangdonghui\.p2\pool\plugins\org.junit.jupiter.migrationsupport_5.7.1.v20210222-1948.jar;C:\Users\tangdonghui\.p2\pool\plugins\org.junit.jupiter.params_5.7.1.v20210222-1948.jar;C:\Users\tangdonghui\.p2\pool\plugins\org.junit.platform.commons_1.7.1.v20210222-1948.jar;C:\Users\tangdonghui\.p2\pool\plugins\org.junit.platform.engine_1.7.1.v20210222-1948.jar;C:\Users\tangdonghui\.p2\pool\plugins\org.junit.platform.launcher_1.7.1.v20210222-1948.jar;C:\Users\tangdonghui\.p2\pool\plugins\org.junit.platform.runner_1.7.1.v20210222-1948.jar;C:\Users\tangdonghui\.p2\pool\plugins\org.junit.platform.suite.api_1.7.1.v20210222-1948.jar;C:\Users\tangdonghui\.p2\pool\plugins\org.junit.vintage.engine_5.7.1.v20210222-1948.jar;C:\Users\tangdonghui\.p2\pool\plugins\org.opentest4j_1.2.0.v20190826-0900.jar;C:\Users\tangdonghui\.p2\pool\plugins\org.apiguardian_1.1.0.v20190826-0900.jar;C:\Users\tangdonghui\.p2\pool\plugins\org.junit_4.13.0.v20200204-1500.jar;C:\Users\tangdonghui\.p2\pool\plugins\org.hamcrest.core_1.3.0.v20180420-1519.jar
Launcher Type: SUN_STANDARD

[Global flags]
     intx CICompilerCount                          = 4                                         {product} {ergonomic}
     uint ConcGCThreads                            = 2                                         {product} {ergonomic}
     uint G1ConcRefinementThreads                  = 8                                         {product} {ergonomic}
   size_t G1HeapRegionSize                         = 1048576                                   {product} {ergonomic}
    uintx GCDrainStackTargetSize                   = 64                                        {product} {ergonomic}
   size_t InitialHeapSize                          = 134217728                                 {product} {ergonomic}
   size_t MarkStackSize                            = 4194304                                   {product} {ergonomic}
   size_t MaxHeapSize                              = 2128609280                                {product} {ergonomic}
   size_t MaxNewSize                               = 1277165568                                {product} {ergonomic}
   size_t MinHeapDeltaBytes                        = 1048576                                   {product} {ergonomic}
   size_t MinHeapSize                              = 8388608                                   {product} {ergonomic}
    uintx NonNMethodCodeHeapSize                   = 5839372                                {pd product} {ergonomic}
    uintx NonProfiledCodeHeapSize                  = 122909434                              {pd product} {ergonomic}
    uintx ProfiledCodeHeapSize                     = 122909434                              {pd product} {ergonomic}
    uintx ReservedCodeCacheSize                    = 251658240                              {pd product} {ergonomic}
     bool SegmentedCodeCache                       = true                                      {product} {ergonomic}
     bool ShowCodeDetailsInExceptionMessages       = true                                   {manageable} {command line}
   size_t SoftMaxHeapSize                          = 2128609280                             {manageable} {ergonomic}
     bool UseCompressedClassPointers               = true                                 {lp64_product} {ergonomic}
     bool UseCompressedOops                        = true                                 {lp64_product} {ergonomic}
     bool UseG1GC                                  = true                                      {product} {ergonomic}
     bool UseLargePagesIndividualAllocation        = false                                  {pd product} {ergonomic}

Logging:
Log output configuration:
 #0: stdout all=warning uptime,level,tags
 #1: stderr all=off uptime,level,tags

Environment Variables:
JAVA_HOME=D:\Java Development Kit
CLASSPATH=.;D:\Java Development Kit\lib;D:\Java Development Kit\lib\tools.jar
PATH=C:/Program Files/Java/jdk-15/bin/server;C:/Program Files/Java/jdk-15/bin;D:\新建文件夹\bin;D:\新建文件夹\utils\bin;C:\ProgramData\Oracle\Java\javapath;C:\Program Files\Common Files\Oracle\Java\javapath;C:\Program Files (x86)\Common Files\Oracle\Java\javapath;C:\Windows\system32;C:\Windows;C:\Windows\System32\Wbem;C:\Windows\System32\WindowsPowerShell\v1.0\;C:\Windows\System32\OpenSSH\;C:\Program Files (x86)\NVIDIA Corporation\PhysX\Common;C:\Program Files\NVIDIA Corporation\NVIDIA NvDLISR;";D:\Java Development Kit\bin;D:\Java Development Kit\jre\bin";D:\MATLAB2020a\runtime\win64;D:\MATLAB2020a\bin;D:\MATLAB2020a\polyspace\bin;C:\WINDOWS\system32;C:\WINDOWS;C:\WINDOWS\System32\Wbem;C:\WINDOWS\System32\WindowsPowerShell\v1.0\;C:\WINDOWS\System32\OpenSSH\;C:\Users\tangdonghui\AppData\Local\Microsoft\WindowsApps;;C:\Users\tangdonghui\Desktop;
USERNAME=tangdonghui
OS=Windows_NT
PROCESSOR_IDENTIFIER=Intel64 Family 6 Model 158 Stepping 13, GenuineIntel



---------------  S Y S T E M  ---------------

OS:
 Windows 10 , 64 bit Build 19041 (10.0.19041.928)
OS uptime: 15 days 16:06 hours

CPU: total 8 (initial active 8) (4 cores per cpu, 2 threads per core) family 6 model 158 stepping 13, cmov, cx8, fxsr, mmx, sse, sse2, sse3, ssse3, sse4.1, sse4.2, popcnt, vzeroupper, avx, avx2, aes, clmul, erms, 3dnowpref, lzcnt, ht, tsc, tscinvbit, bmi1, bmi2, adx, fma, clflush, clflushopt

Memory: 4k page, system-wide physical 8112M (1725M free)
TotalPageFile size 14256M (AvailPageFile size 0M)
current process WorkingSet (physical memory assigned to process): 12M, peak: 90M
current process commit charge ("private bytes"): 246M, peak: 252M

vm_info: Java HotSpot(TM) 64-Bit Server VM (15+36-1562) for windows-amd64 JRE (15+36-1562), built on Aug 11 2020 22:38:02 by "mach5one" with unknown MS VC++:1925

END.
